TN:
SF:src\adaptive-query-fusion.ts
FN:21,(anonymous_9)
FN:29,(anonymous_10)
FN:207,(anonymous_11)
FN:229,(anonymous_12)
FN:282,(anonymous_13)
FN:305,(anonymous_14)
FN:312,(anonymous_15)
FN:326,(anonymous_16)
FN:329,(anonymous_17)
FN:366,(anonymous_18)
FN:378,(anonymous_19)
FN:393,(anonymous_20)
FN:405,(anonymous_21)
FN:406,(anonymous_22)
FN:412,(anonymous_23)
FN:429,(anonymous_24)
FN:446,(anonymous_25)
FN:453,(anonymous_26)
FN:461,(anonymous_27)
FNF:19
FNH:0
FNDA:0,(anonymous_9)
FNDA:0,(anonymous_10)
FNDA:0,(anonymous_11)
FNDA:0,(anonymous_12)
FNDA:0,(anonymous_13)
FNDA:0,(anonymous_14)
FNDA:0,(anonymous_15)
FNDA:0,(anonymous_16)
FNDA:0,(anonymous_17)
FNDA:0,(anonymous_18)
FNDA:0,(anonymous_19)
FNDA:0,(anonymous_20)
FNDA:0,(anonymous_21)
FNDA:0,(anonymous_22)
FNDA:0,(anonymous_23)
FNDA:0,(anonymous_24)
FNDA:0,(anonymous_25)
FNDA:0,(anonymous_26)
FNDA:0,(anonymous_27)
DA:21,0
DA:22,0
DA:23,0
DA:24,0
DA:25,0
DA:29,0
DA:30,0
DA:31,0
DA:32,0
DA:33,0
DA:68,0
DA:75,0
DA:81,0
DA:87,0
DA:93,0
DA:100,0
DA:212,0
DA:213,0
DA:214,0
DA:216,0
DA:231,0
DA:232,0
DA:233,0
DA:234,0
DA:235,0
DA:240,0
DA:241,0
DA:244,0
DA:245,0
DA:249,0
DA:250,0
DA:254,0
DA:255,0
DA:256,0
DA:257,0
DA:259,0
DA:263,0
DA:264,0
DA:266,0
DA:271,0
DA:275,0
DA:276,0
DA:283,0
DA:284,0
DA:287,0
DA:295,0
DA:296,0
DA:297,0
DA:298,0
DA:299,0
DA:300,0
DA:305,0
DA:306,0
DA:309,0
DA:312,0
DA:314,0
DA:327,0
DA:329,0
DA:330,0
DA:332,0
DA:342,0
DA:351,0
DA:354,0
DA:355,0
DA:356,0
DA:357,0
DA:360,0
DA:362,0
DA:366,0
DA:370,0
DA:371,0
DA:379,0
DA:382,0
DA:383,0
DA:387,0
DA:388,0
DA:392,0
DA:393,0
DA:394,0
DA:395,0
DA:399,0
DA:406,0
DA:413,0
DA:416,0
DA:417,0
DA:418,0
DA:419,0
DA:423,0
DA:430,0
DA:432,0
DA:434,0
DA:440,0
DA:447,0
DA:454,0
DA:455,0
DA:462,0
LF:96
LH:0
BRDA:21,0,0,0
BRDA:21,0,1,0
BRDA:29,1,0,0
BRDA:29,1,1,0
BRDA:231,2,0,0
BRDA:231,2,1,0
BRDA:233,3,0,0
BRDA:233,3,1,0
BRDA:244,4,0,0
BRDA:244,4,1,0
BRDA:254,5,0,0
BRDA:254,5,1,0
BRDA:298,6,0,0
BRDA:298,6,1,0
BRDA:306,7,0,0
BRDA:306,7,1,0
BRDA:330,8,0,0
BRDA:330,8,1,0
BRDA:351,9,0,0
BRDA:351,9,1,0
BRDA:354,10,0,0
BRDA:354,10,1,0
BRDA:356,11,0,0
BRDA:356,11,1,0
BRDA:363,12,0,0
BRDA:363,12,1,0
BRDA:364,13,0,0
BRDA:364,13,1,0
BRDA:365,14,0,0
BRDA:365,14,1,0
BRDA:367,15,0,0
BRDA:367,15,1,0
BRDA:382,16,0,0
BRDA:382,16,1,0
BRDA:382,17,0,0
BRDA:382,17,1,0
BRDA:387,18,0,0
BRDA:387,18,1,0
BRDA:394,19,0,0
BRDA:394,19,1,0
BRDA:394,20,0,0
BRDA:394,20,1,0
BRDA:413,21,0,0
BRDA:413,21,1,0
BRDA:416,22,0,0
BRDA:416,22,1,0
BRDA:418,23,0,0
BRDA:418,23,1,0
BRF:48
BRH:0
end_of_record
TN:
SF:src\adaptive-retrieval.ts
FN:18,(anonymous_0)
FN:27,(anonymous_1)
FN:71,(anonymous_2)
FN:96,(anonymous_3)
FN:100,(anonymous_4)
FN:127,(anonymous_5)
FN:165,(anonymous_6)
FN:172,(anonymous_7)
FN:177,(anonymous_8)
FN:178,(anonymous_9)
FN:188,(anonymous_10)
FN:199,(anonymous_11)
FN:262,(anonymous_12)
FN:324,(anonymous_13)
FN:336,(anonymous_14)
FN:347,(anonymous_15)
FN:402,(anonymous_16)
FN:431,(anonymous_17)
FN:446,(anonymous_18)
FN:454,(anonymous_19)
FN:460,(anonymous_20)
FN:481,(anonymous_21)
FN:483,(anonymous_22)
FN:491,(anonymous_23)
FN:501,(anonymous_24)
FN:505,(anonymous_25)
FN:510,(anonymous_26)
FN:513,(anonymous_27)
FN:514,(anonymous_28)
FN:518,(anonymous_29)
FN:527,(anonymous_30)
FN:538,(anonymous_31)
FN:560,(anonymous_32)
FN:562,(anonymous_33)
FN:570,(anonymous_34)
FN:603,(anonymous_35)
FN:608,(anonymous_36)
FN:619,(anonymous_37)
FN:626,(anonymous_38)
FNF:39
FNH:0
FNDA:0,(anonymous_0)
FNDA:0,(anonymous_1)
FNDA:0,(anonymous_2)
FNDA:0,(anonymous_3)
FNDA:0,(anonymous_4)
FNDA:0,(anonymous_5)
FNDA:0,(anonymous_6)
FNDA:0,(anonymous_7)
FNDA:0,(anonymous_8)
FNDA:0,(anonymous_9)
FNDA:0,(anonymous_10)
FNDA:0,(anonymous_11)
FNDA:0,(anonymous_12)
FNDA:0,(anonymous_13)
FNDA:0,(anonymous_14)
FNDA:0,(anonymous_15)
FNDA:0,(anonymous_16)
FNDA:0,(anonymous_17)
FNDA:0,(anonymous_18)
FNDA:0,(anonymous_19)
FNDA:0,(anonymous_20)
FNDA:0,(anonymous_21)
FNDA:0,(anonymous_22)
FNDA:0,(anonymous_23)
FNDA:0,(anonymous_24)
FNDA:0,(anonymous_25)
FNDA:0,(anonymous_26)
FNDA:0,(anonymous_27)
FNDA:0,(anonymous_28)
FNDA:0,(anonymous_29)
FNDA:0,(anonymous_30)
FNDA:0,(anonymous_31)
FNDA:0,(anonymous_32)
FNDA:0,(anonymous_33)
FNDA:0,(anonymous_34)
FNDA:0,(anonymous_35)
FNDA:0,(anonymous_36)
FNDA:0,(anonymous_37)
FNDA:0,(anonymous_38)
DA:18,0
DA:19,0
DA:20,0
DA:21,0
DA:22,0
DA:23,0
DA:27,0
DA:28,0
DA:29,0
DA:30,0
DA:31,0
DA:62,0
DA:69,0
DA:76,0
DA:77,0
DA:78,0
DA:80,0
DA:90,0
DA:97,0
DA:99,0
DA:100,0
DA:102,0
DA:103,0
DA:114,0
DA:118,0
DA:120,0
DA:128,0
DA:129,0
DA:142,0
DA:143,0
DA:144,0
DA:155,0
DA:157,0
DA:166,0
DA:167,0
DA:168,0
DA:169,0
DA:172,0
DA:173,0
DA:177,0
DA:178,0
DA:179,0
DA:183,0
DA:184,0
DA:188,0
DA:189,0
DA:192,0
DA:201,0
DA:202,0
DA:203,0
DA:207,0
DA:209,0
DA:210,0
DA:212,0
DA:214,0
DA:215,0
DA:219,0
DA:220,0
DA:221,0
DA:223,0
DA:226,0
DA:228,0
DA:229,0
DA:231,0
DA:232,0
DA:234,0
DA:235,0
DA:236,0
DA:238,0
DA:239,0
DA:242,0
DA:246,0
DA:247,0
DA:249,0
DA:250,0
DA:251,0
DA:252,0
DA:256,0
DA:267,0
DA:268,0
DA:269,0
DA:271,0
DA:272,0
DA:273,0
DA:275,0
DA:277,0
DA:278,0
DA:281,0
DA:282,0
DA:283,0
DA:286,0
DA:287,0
DA:288,0
DA:291,0
DA:292,0
DA:293,0
DA:296,0
DA:297,0
DA:298,0
DA:301,0
DA:303,0
DA:310,0
DA:311,0
DA:325,0
DA:328,0
DA:329,0
DA:337,0
DA:340,0
DA:341,0
DA:354,0
DA:365,0
DA:366,0
DA:369,0
DA:370,0
DA:371,0
DA:372,0
DA:373,0
DA:375,0
DA:378,0
DA:379,0
DA:395,0
DA:404,0
DA:405,0
DA:406,0
DA:410,0
DA:411,0
DA:414,0
DA:415,0
DA:418,0
DA:421,0
DA:422,0
DA:424,0
DA:426,0
DA:433,0
DA:434,0
DA:435,0
DA:438,0
DA:446,0
DA:456,0
DA:458,0
DA:460,0
DA:462,0
DA:481,0
DA:483,0
DA:493,0
DA:499,0
DA:501,0
DA:502,0
DA:505,0
DA:506,0
DA:509,0
DA:510,0
DA:512,0
DA:513,0
DA:514,0
DA:519,0
DA:520,0
DA:527,0
DA:534,0
DA:540,0
DA:542,0
DA:544,0
DA:560,0
DA:562,0
DA:572,0
DA:574,0
DA:576,0
DA:603,0
DA:608,0
DA:620,0
DA:627,0
DA:628,0
DA:629,0
DA:630,0
DA:632,0
LF:175
LH:0
BRDA:18,0,0,0
BRDA:18,0,1,0
BRDA:27,1,0,0
BRDA:27,1,1,0
BRDA:102,2,0,0
BRDA:102,2,1,0
BRDA:172,3,0,0
BRDA:172,3,1,0
BRDA:172,4,0,0
BRDA:172,4,1,0
BRDA:177,5,0,0
BRDA:177,5,1,0
BRDA:177,6,0,0
BRDA:177,6,1,0
BRDA:183,7,0,0
BRDA:183,7,1,0
BRDA:183,8,0,0
BRDA:183,8,1,0
BRDA:183,8,2,0
BRDA:188,9,0,0
BRDA:188,9,1,0
BRDA:201,10,0,0
BRDA:201,10,1,0
BRDA:212,11,0,0
BRDA:212,11,1,0
BRDA:212,12,0,0
BRDA:212,12,1,0
BRDA:221,13,0,0
BRDA:221,13,1,0
BRDA:226,14,0,0
BRDA:226,14,1,0
BRDA:226,14,2,0
BRDA:226,14,3,0
BRDA:228,15,0,0
BRDA:228,15,1,0
BRDA:231,16,0,0
BRDA:231,16,1,0
BRDA:234,17,0,0
BRDA:234,17,1,0
BRDA:234,18,0,0
BRDA:234,18,1,0
BRDA:238,19,0,0
BRDA:238,19,1,0
BRDA:250,20,0,0
BRDA:250,20,1,0
BRDA:265,21,0,0
BRDA:275,22,0,0
BRDA:275,22,1,0
BRDA:275,22,2,0
BRDA:275,22,3,0
BRDA:275,22,4,0
BRDA:325,23,0,0
BRDA:325,23,1,0
BRDA:337,24,0,0
BRDA:337,24,1,0
BRDA:354,25,0,0
BRDA:354,25,1,0
BRDA:366,26,0,0
BRDA:366,26,1,0
BRDA:402,27,0,0
BRDA:404,28,0,0
BRDA:404,28,1,0
BRDA:422,29,0,0
BRDA:422,29,1,0
BRDA:433,30,0,0
BRDA:433,30,1,0
BRDA:458,31,0,0
BRDA:458,31,1,0
BRDA:502,32,0,0
BRDA:502,32,1,0
BRDA:506,33,0,0
BRDA:506,33,1,0
BRDA:513,34,0,0
BRDA:513,34,1,0
BRDA:542,35,0,0
BRDA:542,35,1,0
BRDA:574,36,0,0
BRDA:574,36,1,0
BRF:78
BRH:0
end_of_record
TN:
SF:src\api_bridge.ts
FN:16,(anonymous_1)
FN:19,(anonymous_2)
FN:31,(anonymous_3)
FN:57,(anonymous_4)
FN:78,(anonymous_5)
FN:79,(anonymous_6)
FN:86,(anonymous_7)
FN:104,(anonymous_8)
FN:129,(anonymous_9)
FN:144,(anonymous_10)
FN:154,(anonymous_11)
FN:155,(anonymous_12)
FN:175,(anonymous_13)
FN:193,(anonymous_14)
FN:211,(anonymous_15)
FN:221,(anonymous_16)
FN:224,(anonymous_17)
FN:240,(anonymous_18)
FN:243,(anonymous_19)
FN:256,(anonymous_20)
FN:288,(anonymous_21)
FNF:21
FNH:0
FNDA:0,(anonymous_1)
FNDA:0,(anonymous_2)
FNDA:0,(anonymous_3)
FNDA:0,(anonymous_4)
FNDA:0,(anonymous_5)
FNDA:0,(anonymous_6)
FNDA:0,(anonymous_7)
FNDA:0,(anonymous_8)
FNDA:0,(anonymous_9)
FNDA:0,(anonymous_10)
FNDA:0,(anonymous_11)
FNDA:0,(anonymous_12)
FNDA:0,(anonymous_13)
FNDA:0,(anonymous_14)
FNDA:0,(anonymous_15)
FNDA:0,(anonymous_16)
FNDA:0,(anonymous_17)
FNDA:0,(anonymous_18)
FNDA:0,(anonymous_19)
FNDA:0,(anonymous_20)
FNDA:0,(anonymous_21)
DA:1,0
DA:2,0
DA:3,0
DA:4,0
DA:6,0
DA:7,0
DA:9,0
DA:10,0
DA:12,0
DA:16,0
DA:17,0
DA:18,0
DA:19,0
DA:27,0
DA:31,0
DA:32,0
DA:33,0
DA:35,0
DA:37,0
DA:38,0
DA:39,0
DA:40,0
DA:42,0
DA:51,0
DA:53,0
DA:57,0
DA:58,0
DA:59,0
DA:61,0
DA:62,0
DA:64,0
DA:65,0
DA:70,0
DA:78,0
DA:79,0
DA:82,0
DA:86,0
DA:87,0
DA:88,0
DA:90,0
DA:96,0
DA:98,0
DA:104,0
DA:105,0
DA:106,0
DA:108,0
DA:109,0
DA:110,0
DA:112,0
DA:121,0
DA:123,0
DA:129,0
DA:130,0
DA:131,0
DA:133,0
DA:134,0
DA:138,0
DA:140,0
DA:144,0
DA:145,0
DA:146,0
DA:148,0
DA:150,0
DA:154,0
DA:155,0
DA:157,0
DA:158,0
DA:159,0
DA:163,0
DA:166,0
DA:171,0
DA:175,0
DA:176,0
DA:177,0
DA:178,0
DA:179,0
DA:185,0
DA:187,0
DA:193,0
DA:194,0
DA:195,0
DA:196,0
DA:197,0
DA:199,0
DA:206,0
DA:207,0
DA:211,0
DA:212,0
DA:213,0
DA:218,0
DA:219,0
DA:220,0
DA:221,0
DA:223,0
DA:224,0
DA:225,0
DA:226,0
DA:227,0
DA:228,0
DA:229,0
DA:232,0
DA:234,0
DA:240,0
DA:241,0
DA:242,0
DA:243,0
DA:252,0
DA:256,0
DA:257,0
DA:258,0
DA:259,0
DA:265,0
DA:271,0
DA:272,0
DA:273,0
DA:282,0
DA:284,0
DA:288,0
DA:289,0
LF:119
LH:0
BRDA:7,0,0,0
BRDA:7,0,1,0
BRDA:33,1,0,0
BRDA:33,1,1,0
BRDA:33,2,0,0
BRDA:33,2,1,0
BRDA:48,3,0,0
BRDA:48,3,1,0
BRDA:62,4,0,0
BRDA:62,4,1,0
BRDA:106,5,0,0
BRDA:106,5,1,0
BRDA:106,6,0,0
BRDA:106,6,1,0
BRDA:118,7,0,0
BRDA:118,7,1,0
BRDA:130,8,0,0
BRDA:131,9,0,0
BRDA:131,9,1,0
BRDA:145,10,0,0
BRDA:146,11,0,0
BRDA:146,11,1,0
BRDA:182,12,0,0
BRDA:182,12,1,0
BRDA:183,13,0,0
BRDA:183,13,1,0
BRDA:200,14,0,0
BRDA:200,14,1,0
BRDA:201,15,0,0
BRDA:201,15,1,0
BRDA:202,16,0,0
BRDA:202,16,1,0
BRDA:227,17,0,0
BRDA:227,17,1,0
BRDA:228,18,0,0
BRDA:228,18,1,0
BRDA:278,19,0,0
BRDA:278,19,1,0
BRF:38
BRH:0
end_of_record
TN:
SF:src\clear-cache.ts
FN:4,main
FNF:1
FNH:0
FNDA:0,main
DA:1,0
DA:2,0
DA:5,0
DA:6,0
DA:8,0
DA:9,0
DA:11,0
DA:12,0
DA:14,0
DA:15,0
DA:18,0
DA:20,0
DA:24,0
DA:28,0
LF:14
LH:0
BRDA:14,0,0,0
BRDA:14,0,1,0
BRF:2
BRH:0
end_of_record
TN:
SF:src\compare-embeddings.ts
FN:34,cosineSimilarity
FN:49,testEmbeddingSpeed
FN:67,(anonymous_11)
FN:80,testBatchPerformance
FN:101,testSemanticSimilarity
FN:122,(anonymous_14)
FN:128,(anonymous_15)
FN:141,(anonymous_16)
FN:151,testLongContext
FN:185,testCachePerformance
FN:221,testMemoryUsage
FN:245,runSingleModelTest
FN:274,compareResults
FN:391,main
FNF:14
FNH:0
FNDA:0,cosineSimilarity
FNDA:0,testEmbeddingSpeed
FNDA:0,(anonymous_11)
FNDA:0,testBatchPerformance
FNDA:0,testSemanticSimilarity
FNDA:0,(anonymous_14)
FNDA:0,(anonymous_15)
FNDA:0,(anonymous_16)
FNDA:0,testLongContext
FNDA:0,testCachePerformance
FNDA:0,testMemoryUsage
FNDA:0,runSingleModelTest
FNDA:0,compareResults
FNDA:0,main
DA:1,0
DA:2,0
DA:3,0
DA:4,0
DA:7,0
DA:20,0
DA:35,0
DA:36,0
DA:37,0
DA:39,0
DA:40,0
DA:41,0
DA:42,0
DA:45,0
DA:50,0
DA:51,0
DA:52,0
DA:54,0
DA:57,0
DA:60,0
DA:61,0
DA:62,0
DA:63,0
DA:64,0
DA:67,0
DA:68,0
DA:69,0
DA:71,0
DA:72,0
DA:73,0
DA:74,0
DA:76,0
DA:81,0
DA:82,0
DA:83,0
DA:85,0
DA:86,0
DA:87,0
DA:89,0
DA:90,0
DA:92,0
DA:93,0
DA:94,0
DA:95,0
DA:97,0
DA:102,0
DA:103,0
DA:104,0
DA:107,0
DA:108,0
DA:111,0
DA:113,0
DA:114,0
DA:116,0
DA:118,0
DA:119,0
DA:122,0
DA:128,0
DA:130,0
DA:131,0
DA:133,0
DA:134,0
DA:136,0
DA:137,0
DA:140,0
DA:141,0
DA:143,0
DA:144,0
DA:145,0
DA:147,0
DA:152,0
DA:153,0
DA:154,0
DA:156,0
DA:157,0
DA:158,0
DA:159,0
DA:161,0
DA:168,0
DA:170,0
DA:171,0
DA:172,0
DA:173,0
DA:174,0
DA:175,0
DA:177,0
DA:178,0
DA:181,0
DA:186,0
DA:187,0
DA:188,0
DA:190,0
DA:193,0
DA:194,0
DA:195,0
DA:196,0
DA:199,0
DA:200,0
DA:201,0
DA:202,0
DA:204,0
DA:206,0
DA:207,0
DA:208,0
DA:209,0
DA:211,0
DA:212,0
DA:213,0
DA:214,0
DA:215,0
DA:217,0
DA:222,0
DA:223,0
DA:224,0
DA:226,0
DA:229,0
DA:231,0
DA:233,0
DA:234,0
DA:236,0
DA:237,0
DA:238,0
DA:239,0
DA:241,0
DA:246,0
DA:247,0
DA:248,0
DA:250,0
DA:252,0
DA:258,0
DA:259,0
DA:260,0
DA:261,0
DA:262,0
DA:263,0
DA:266,0
DA:267,0
DA:269,0
DA:271,0
DA:275,0
DA:276,0
DA:277,0
DA:279,0
DA:280,0
DA:282,0
DA:283,0
DA:284,0
DA:285,0
DA:288,0
DA:289,0
DA:290,0
DA:291,0
DA:294,0
DA:295,0
DA:298,0
DA:299,0
DA:300,0
DA:302,0
DA:303,0
DA:304,0
DA:305,0
DA:306,0
DA:308,0
DA:309,0
DA:310,0
DA:311,0
DA:312,0
DA:313,0
DA:315,0
DA:316,0
DA:317,0
DA:318,0
DA:320,0
DA:321,0
DA:322,0
DA:323,0
DA:324,0
DA:326,0
DA:327,0
DA:328,0
DA:330,0
DA:331,0
DA:332,0
DA:333,0
DA:336,0
DA:337,0
DA:339,0
DA:340,0
DA:341,0
DA:342,0
DA:343,0
DA:346,0
DA:347,0
DA:348,0
DA:349,0
DA:350,0
DA:352,0
DA:353,0
DA:354,0
DA:356,0
DA:357,0
DA:358,0
DA:359,0
DA:360,0
DA:362,0
DA:363,0
DA:365,0
DA:366,0
DA:367,0
DA:368,0
DA:369,0
DA:370,0
DA:371,0
DA:373,0
DA:374,0
DA:376,0
DA:377,0
DA:379,0
DA:380,0
DA:381,0
DA:382,0
DA:385,0
DA:386,0
DA:387,0
DA:392,0
DA:395,0
DA:396,0
DA:397,0
DA:398,0
DA:401,0
DA:402,0
DA:403,0
DA:404,0
DA:405,0
DA:406,0
DA:407,0
DA:408,0
DA:409,0
DA:410,0
DA:411,0
DA:412,0
DA:414,0
DA:416,0
DA:417,0
DA:418,0
DA:420,0
DA:421,0
DA:422,0
DA:423,0
DA:424,0
DA:425,0
DA:428,0
DA:429,0
DA:430,0
DA:434,0
LF:255
LH:0
BRDA:133,0,0,0
BRDA:133,0,1,0
BRDA:137,1,0,0
BRDA:137,1,1,0
BRDA:282,2,0,0
BRDA:282,2,1,0
BRDA:288,3,0,0
BRDA:288,3,1,0
BRDA:306,4,0,0
BRDA:306,4,1,0
BRDA:306,5,0,0
BRDA:306,5,1,0
BRDA:313,6,0,0
BRDA:313,6,1,0
BRDA:318,7,0,0
BRDA:318,7,1,0
BRDA:318,8,0,0
BRDA:318,8,1,0
BRDA:324,9,0,0
BRDA:324,9,1,0
BRDA:324,10,0,0
BRDA:324,10,1,0
BRDA:333,11,0,0
BRDA:333,11,1,0
BRDA:339,12,0,0
BRDA:339,12,1,0
BRDA:340,13,0,0
BRDA:340,13,1,0
BRDA:341,14,0,0
BRDA:341,14,1,0
BRDA:342,15,0,0
BRDA:342,15,1,0
BRDA:343,16,0,0
BRDA:343,16,1,0
BRDA:356,17,0,0
BRDA:356,17,1,0
BRDA:359,18,0,0
BRDA:359,18,1,0
BRDA:362,19,0,0
BRDA:362,19,1,0
BRDA:367,20,0,0
BRDA:367,20,1,0
BRDA:370,21,0,0
BRDA:370,21,1,0
BRDA:373,22,0,0
BRDA:373,22,1,0
BRDA:392,23,0,0
BRDA:392,23,1,0
BRDA:396,24,0,0
BRDA:396,24,1,0
BRDA:420,25,0,0
BRDA:420,25,1,0
BRDA:423,26,0,0
BRDA:423,26,1,0
BRF:54
BRH:0
end_of_record
TN:
SF:src\db-inspect.ts
FN:3,targetedInspect
FN:18,(anonymous_1)
FN:24,(anonymous_2)
FNF:3
FNH:0
FNDA:0,targetedInspect
FNDA:0,(anonymous_1)
FNDA:0,(anonymous_2)
DA:1,0
DA:4,0
DA:5,0
DA:7,0
DA:8,0
DA:9,0
DA:10,0
DA:12,0
DA:13,0
DA:16,0
DA:17,0
DA:18,0
DA:21,0
DA:22,0
DA:24,0
DA:26,0
DA:29,0
LF:17
LH:0
BRDA:8,0,0,0
BRDA:8,0,1,0
BRF:2
BRH:0
end_of_record
TN:
SF:src\db-service.ts
FN:42,(anonymous_0)
FN:47,(anonymous_1)
FN:52,(anonymous_2)
FN:57,(anonymous_3)
FN:81,(anonymous_4)
FN:85,(anonymous_5)
FN:89,(anonymous_6)
FN:93,(anonymous_7)
FN:106,(anonymous_8)
FN:121,(anonymous_9)
FN:132,(anonymous_10)
FN:142,(anonymous_11)
FN:154,(anonymous_12)
FN:171,(anonymous_13)
FN:186,(anonymous_14)
FN:208,(anonymous_15)
FN:216,(anonymous_16)
FN:220,(anonymous_17)
FN:228,(anonymous_18)
FN:232,(anonymous_19)
FN:245,(anonymous_20)
FN:258,(anonymous_21)
FN:275,(anonymous_22)
FNF:23
FNH:0
FNDA:0,(anonymous_0)
FNDA:0,(anonymous_1)
FNDA:0,(anonymous_2)
FNDA:0,(anonymous_3)
FNDA:0,(anonymous_4)
FNDA:0,(anonymous_5)
FNDA:0,(anonymous_6)
FNDA:0,(anonymous_7)
FNDA:0,(anonymous_8)
FNDA:0,(anonymous_9)
FNDA:0,(anonymous_10)
FNDA:0,(anonymous_11)
FNDA:0,(anonymous_12)
FNDA:0,(anonymous_13)
FNDA:0,(anonymous_14)
FNDA:0,(anonymous_15)
FNDA:0,(anonymous_16)
FNDA:0,(anonymous_17)
FNDA:0,(anonymous_18)
FNDA:0,(anonymous_19)
FNDA:0,(anonymous_20)
FNDA:0,(anonymous_21)
FNDA:0,(anonymous_22)
DA:34,0
DA:35,0
DA:36,0
DA:37,0
DA:38,0
DA:43,0
DA:44,0
DA:48,0
DA:49,0
DA:53,0
DA:54,0
DA:58,0
DA:64,0
DA:65,0
DA:68,0
DA:69,0
DA:72,0
DA:73,0
DA:74,0
DA:78,0
DA:82,0
DA:86,0
DA:90,0
DA:94,0
DA:103,0
DA:107,0
DA:108,0
DA:110,0
DA:122,0
DA:123,0
DA:125,0
DA:126,0
DA:127,0
DA:128,0
DA:129,0
DA:133,0
DA:134,0
DA:135,0
DA:136,0
DA:139,0
DA:143,0
DA:151,0
DA:155,0
DA:156,0
DA:157,0
DA:158,0
DA:168,0
DA:172,0
DA:181,0
DA:182,0
DA:183,0
DA:187,0
DA:189,0
DA:190,0
DA:191,0
DA:192,0
DA:194,0
DA:205,0
DA:209,0
DA:211,0
DA:212,0
DA:213,0
DA:216,0
DA:217,0
DA:221,0
DA:223,0
DA:224,0
DA:225,0
DA:228,0
DA:229,0
DA:233,0
DA:234,0
DA:236,0
DA:237,0
DA:238,0
DA:242,0
DA:246,0
DA:247,0
DA:249,0
DA:250,0
DA:251,0
DA:255,0
DA:259,0
DA:261,0
DA:262,0
DA:263,0
DA:265,0
DA:266,0
DA:267,0
DA:268,0
DA:271,0
DA:272,0
DA:276,0
DA:277,0
DA:278,0
DA:281,0
LF:96
LH:0
BRDA:42,0,0,0
BRDA:42,1,0,0
BRDA:52,2,0,0
BRDA:108,3,0,0
BRDA:108,3,1,0
BRDA:123,4,0,0
BRDA:123,4,1,0
BRDA:125,5,0,0
BRDA:125,5,1,0
BRDA:126,6,0,0
BRDA:126,6,1,0
BRDA:127,7,0,0
BRDA:127,7,1,0
BRDA:128,8,0,0
BRDA:128,8,1,0
BRDA:129,9,0,0
BRDA:129,9,1,0
BRDA:135,10,0,0
BRDA:135,10,1,0
BRDA:157,11,0,0
BRDA:157,11,1,0
BRDA:181,12,0,0
BRDA:181,12,1,0
BRDA:191,13,0,0
BRDA:191,13,1,0
BRDA:191,14,0,0
BRDA:191,14,1,0
BRDA:192,15,0,0
BRDA:192,15,1,0
BRDA:192,16,0,0
BRDA:192,16,1,0
BRDA:208,17,0,0
BRDA:220,18,0,0
BRDA:232,19,0,0
BRDA:237,20,0,0
BRDA:237,20,1,0
BRDA:245,21,0,0
BRDA:250,22,0,0
BRDA:250,22,1,0
BRDA:259,23,0,0
BRDA:259,23,1,0
BRDA:271,24,0,0
BRDA:271,24,1,0
BRDA:271,25,0,0
BRDA:271,25,1,0
BRF:45
BRH:0
end_of_record
TN:
SF:src\download-model.ts
FN:12,downloadModel
FNF:1
FNH:0
FNDA:0,downloadModel
DA:1,0
DA:2,0
DA:3,0
DA:6,0
DA:7,0
DA:10,0
DA:13,0
DA:15,0
DA:16,0
DA:19,0
LF:10
LH:0
BRDA:10,0,0,0
BRDA:10,0,1,0
BRF:2
BRH:0
end_of_record
TN:
SF:src\download-pplx-embed.ts
FN:30,downloadFile
FN:31,(anonymous_10)
FN:34,(anonymous_11)
FN:48,(anonymous_12)
FN:56,(anonymous_13)
FN:61,(anonymous_14)
FN:68,downloadPplxEmbed
FN:83,(anonymous_16)
FNF:8
FNH:0
FNDA:0,downloadFile
FNDA:0,(anonymous_10)
FNDA:0,(anonymous_11)
FNDA:0,(anonymous_12)
FNDA:0,(anonymous_13)
FNDA:0,(anonymous_14)
FNDA:0,downloadPplxEmbed
FNDA:0,(anonymous_16)
DA:1,0
DA:2,0
DA:3,0
DA:4,0
DA:5,0
DA:8,0
DA:9,0
DA:11,0
DA:12,0
DA:15,0
DA:18,0
DA:28,0
DA:31,0
DA:32,0
DA:34,0
DA:35,0
DA:37,0
DA:38,0
DA:39,0
DA:40,0
DA:41,0
DA:45,0
DA:46,0
DA:48,0
DA:49,0
DA:50,0
DA:51,0
DA:54,0
DA:56,0
DA:57,0
DA:58,0
DA:59,0
DA:62,0
DA:63,0
DA:69,0
DA:70,0
DA:71,0
DA:72,0
DA:73,0
DA:76,0
DA:77,0
DA:78,0
DA:81,0
DA:82,0
DA:83,0
DA:84,0
DA:85,0
DA:86,0
DA:87,0
DA:89,0
DA:90,0
DA:91,0
DA:92,0
DA:93,0
DA:94,0
DA:95,0
DA:96,0
DA:97,0
DA:101,0
DA:102,0
DA:105,0
DA:106,0
DA:107,0
DA:110,0
DA:111,0
DA:113,0
DA:114,0
DA:116,0
DA:117,0
DA:118,0
DA:119,0
DA:123,0
DA:124,0
DA:125,0
DA:126,0
DA:127,0
DA:128,0
DA:129,0
DA:130,0
DA:131,0
DA:132,0
DA:133,0
DA:136,0
LF:83
LH:0
BRDA:18,0,0,0
BRDA:18,0,1,0
BRDA:35,1,0,0
BRDA:35,1,1,0
BRDA:35,2,0,0
BRDA:35,2,1,0
BRDA:38,3,0,0
BRDA:38,3,1,0
BRDA:45,4,0,0
BRDA:45,4,1,0
BRDA:71,5,0,0
BRDA:71,5,1,0
BRDA:76,6,0,0
BRDA:76,6,1,0
BRDA:85,7,0,0
BRDA:85,7,1,0
BRDA:86,8,0,0
BRDA:86,8,1,0
BRDA:89,9,0,0
BRDA:89,9,1,0
BRDA:105,10,0,0
BRDA:105,10,1,0
BRF:22
BRH:0
end_of_record
TN:
SF:src\dynamic-fusion.ts
FN:154,(anonymous_0)
FN:170,(anonymous_1)
FN:230,(anonymous_2)
FN:270,(anonymous_3)
FN:280,(anonymous_4)
FN:314,(anonymous_5)
FN:338,(anonymous_6)
FN:348,(anonymous_7)
FN:387,(anonymous_8)
FN:388,(anonymous_9)
FN:409,(anonymous_10)
FN:443,(anonymous_11)
FN:464,(anonymous_12)
FN:493,(anonymous_13)
FN:496,(anonymous_14)
FN:532,(anonymous_15)
FN:553,(anonymous_16)
FN:581,(anonymous_17)
FN:604,(anonymous_18)
FN:626,(anonymous_19)
FN:637,(anonymous_20)
FN:641,(anonymous_21)
FN:651,(anonymous_22)
FN:673,(anonymous_23)
FN:695,(anonymous_24)
FN:706,(anonymous_25)
FN:709,(anonymous_26)
FN:719,(anonymous_27)
FN:741,(anonymous_28)
FN:765,(anonymous_29)
FN:776,(anonymous_30)
FN:779,(anonymous_31)
FN:789,(anonymous_32)
FN:808,(anonymous_33)
FN:810,(anonymous_34)
FN:822,(anonymous_35)
FN:860,(anonymous_36)
FN:894,(anonymous_37)
FN:906,(anonymous_38)
FN:913,(anonymous_39)
FN:920,(anonymous_40)
FNF:41
FNH:0
FNDA:0,(anonymous_0)
FNDA:0,(anonymous_1)
FNDA:0,(anonymous_2)
FNDA:0,(anonymous_3)
FNDA:0,(anonymous_4)
FNDA:0,(anonymous_5)
FNDA:0,(anonymous_6)
FNDA:0,(anonymous_7)
FNDA:0,(anonymous_8)
FNDA:0,(anonymous_9)
FNDA:0,(anonymous_10)
FNDA:0,(anonymous_11)
FNDA:0,(anonymous_12)
FNDA:0,(anonymous_13)
FNDA:0,(anonymous_14)
FNDA:0,(anonymous_15)
FNDA:0,(anonymous_16)
FNDA:0,(anonymous_17)
FNDA:0,(anonymous_18)
FNDA:0,(anonymous_19)
FNDA:0,(anonymous_20)
FNDA:0,(anonymous_21)
FNDA:0,(anonymous_22)
FNDA:0,(anonymous_23)
FNDA:0,(anonymous_24)
FNDA:0,(anonymous_25)
FNDA:0,(anonymous_26)
FNDA:0,(anonymous_27)
FNDA:0,(anonymous_28)
FNDA:0,(anonymous_29)
FNDA:0,(anonymous_30)
FNDA:0,(anonymous_31)
FNDA:0,(anonymous_32)
FNDA:0,(anonymous_33)
FNDA:0,(anonymous_34)
FNDA:0,(anonymous_35)
FNDA:0,(anonymous_36)
FNDA:0,(anonymous_37)
FNDA:0,(anonymous_38)
FNDA:0,(anonymous_39)
FNDA:0,(anonymous_40)
DA:17,0
DA:110,0
DA:149,0
DA:158,0
DA:159,0
DA:160,0
DA:174,0
DA:177,0
DA:180,0
DA:181,0
DA:182,0
DA:184,0
DA:185,0
DA:186,0
DA:188,0
DA:189,0
DA:190,0
DA:194,0
DA:197,0
DA:198,0
DA:199,0
DA:200,0
DA:202,0
DA:209,0
DA:212,0
DA:215,0
DA:217,0
DA:224,0
DA:239,0
DA:240,0
DA:243,0
DA:244,0
DA:245,0
DA:249,0
DA:250,0
DA:251,0
DA:255,0
DA:256,0
DA:257,0
DA:261,0
DA:262,0
DA:263,0
DA:266,0
DA:269,0
DA:270,0
DA:271,0
DA:274,0
DA:284,0
DA:286,0
DA:288,0
DA:291,0
DA:313,0
DA:314,0
DA:325,0
DA:330,0
DA:331,0
DA:342,0
DA:344,0
DA:346,0
DA:348,0
DA:350,0
DA:351,0
DA:355,0
DA:356,0
DA:360,0
DA:377,0
DA:383,0
DA:385,0
DA:387,0
DA:388,0
DA:401,0
DA:402,0
DA:413,0
DA:415,0
DA:419,0
DA:440,0
DA:442,0
DA:443,0
DA:456,0
DA:457,0
DA:468,0
DA:470,0
DA:472,0
DA:475,0
DA:485,0
DA:487,0
DA:488,0
DA:492,0
DA:493,0
DA:496,0
DA:498,0
DA:529,0
DA:531,0
DA:532,0
DA:545,0
DA:546,0
DA:562,0
DA:564,0
DA:566,0
DA:568,0
DA:570,0
DA:572,0
DA:574,0
DA:590,0
DA:591,0
DA:599,0
DA:600,0
DA:602,0
DA:604,0
DA:605,0
DA:606,0
DA:608,0
DA:609,0
DA:617,0
DA:618,0
DA:619,0
DA:620,0
DA:625,0
DA:626,0
DA:637,0
DA:640,0
DA:641,0
DA:643,0
DA:660,0
DA:668,0
DA:669,0
DA:671,0
DA:673,0
DA:674,0
DA:675,0
DA:677,0
DA:678,0
DA:686,0
DA:687,0
DA:688,0
DA:689,0
DA:694,0
DA:695,0
DA:706,0
DA:708,0
DA:709,0
DA:711,0
DA:728,0
DA:736,0
DA:737,0
DA:739,0
DA:741,0
DA:742,0
DA:743,0
DA:745,0
DA:746,0
DA:753,0
DA:754,0
DA:755,0
DA:757,0
DA:758,0
DA:764,0
DA:765,0
DA:776,0
DA:778,0
DA:779,0
DA:781,0
DA:801,0
DA:802,0
DA:809,0
DA:810,0
DA:811,0
DA:812,0
DA:814,0
DA:815,0
DA:832,0
DA:839,0
DA:842,0
DA:843,0
DA:844,0
DA:845,0
DA:849,0
DA:861,0
DA:895,0
DA:896,0
DA:897,0
DA:898,0
DA:899,0
DA:900,0
DA:907,0
DA:914,0
DA:921,0
LF:187
LH:0
BRDA:172,0,0,0
BRDA:180,1,0,0
BRDA:180,1,1,0
BRDA:180,2,0,0
BRDA:180,2,1,0
BRDA:184,3,0,0
BRDA:184,3,1,0
BRDA:184,4,0,0
BRDA:184,4,1,0
BRDA:188,5,0,0
BRDA:188,5,1,0
BRDA:188,6,0,0
BRDA:188,6,1,0
BRDA:243,7,0,0
BRDA:243,7,1,0
BRDA:249,8,0,0
BRDA:249,8,1,0
BRDA:255,9,0,0
BRDA:255,9,1,0
BRDA:261,10,0,0
BRDA:261,10,1,0
BRDA:297,11,0,0
BRDA:297,11,1,0
BRDA:350,12,0,0
BRDA:350,12,1,0
BRDA:387,13,0,0
BRDA:387,13,1,0
BRDA:487,14,0,0
BRDA:487,14,1,0
BRDA:492,15,0,0
BRDA:492,15,1,0
BRDA:492,16,0,0
BRDA:492,16,1,0
BRDA:526,17,0,0
BRDA:526,17,1,0
BRDA:562,18,0,0
BRDA:562,18,1,0
BRDA:564,19,0,0
BRDA:564,19,1,0
BRDA:564,19,2,0
BRDA:564,19,3,0
BRDA:564,19,4,0
BRDA:590,20,0,0
BRDA:590,20,1,0
BRDA:600,21,0,0
BRDA:600,21,1,0
BRDA:600,22,0,0
BRDA:600,22,1,0
BRDA:602,23,0,0
BRDA:602,23,1,0
BRDA:608,24,0,0
BRDA:608,24,1,0
BRDA:640,25,0,0
BRDA:640,25,1,0
BRDA:643,26,0,0
BRDA:643,26,1,0
BRDA:669,27,0,0
BRDA:669,27,1,0
BRDA:669,28,0,0
BRDA:669,28,1,0
BRDA:671,29,0,0
BRDA:671,29,1,0
BRDA:677,30,0,0
BRDA:677,30,1,0
BRDA:708,31,0,0
BRDA:708,31,1,0
BRDA:711,32,0,0
BRDA:711,32,1,0
BRDA:737,33,0,0
BRDA:737,33,1,0
BRDA:737,34,0,0
BRDA:737,34,1,0
BRDA:739,35,0,0
BRDA:739,35,1,0
BRDA:745,36,0,0
BRDA:745,36,1,0
BRDA:754,37,0,0
BRDA:754,37,1,0
BRDA:778,38,0,0
BRDA:778,38,1,0
BRDA:781,39,0,0
BRDA:781,39,1,0
BRDA:811,40,0,0
BRDA:811,40,1,0
BRDA:843,41,0,0
BRDA:843,41,1,0
BRDA:843,42,0,0
BRDA:843,42,1,0
BRDA:863,43,0,0
BRDA:863,43,1,0
BRDA:864,44,0,0
BRDA:864,44,1,0
BRDA:865,45,0,0
BRDA:865,45,1,0
BRDA:866,46,0,0
BRDA:866,46,1,0
BRDA:869,47,0,0
BRDA:869,47,1,0
BRDA:870,48,0,0
BRDA:870,48,1,0
BRDA:871,49,0,0
BRDA:871,49,1,0
BRDA:872,50,0,0
BRDA:872,50,1,0
BRDA:875,51,0,0
BRDA:875,51,1,0
BRDA:876,52,0,0
BRDA:876,52,1,0
BRDA:877,53,0,0
BRDA:877,53,1,0
BRDA:878,54,0,0
BRDA:878,54,1,0
BRDA:881,55,0,0
BRDA:881,55,1,0
BRDA:882,56,0,0
BRDA:882,56,1,0
BRDA:883,57,0,0
BRDA:883,57,1,0
BRDA:884,58,0,0
BRDA:884,58,1,0
BRDA:885,59,0,0
BRDA:885,59,1,0
BRDA:896,60,0,0
BRDA:896,60,1,0
BRDA:897,61,0,0
BRDA:897,61,1,0
BRDA:898,62,0,0
BRDA:898,62,1,0
BRDA:899,63,0,0
BRDA:899,63,1,0
BRF:130
BRH:0
end_of_record
TN:
SF:src\embedding-service.ts
FN:19,(anonymous_9)
FN:24,(anonymous_10)
FN:40,(anonymous_11)
FN:56,(anonymous_12)
FN:60,(anonymous_13)
FN:76,(anonymous_14)
FN:112,(anonymous_15)
FN:117,(anonymous_16)
FN:119,(anonymous_17)
FN:121,(anonymous_18)
FN:125,(anonymous_19)
FN:154,(anonymous_20)
FN:203,(anonymous_21)
FN:204,(anonymous_22)
FN:298,(anonymous_23)
FN:337,(anonymous_24)
FN:347,(anonymous_25)
FN:370,(anonymous_26)
FN:401,(anonymous_27)
FN:402,(anonymous_28)
FN:404,(anonymous_29)
FN:408,(anonymous_30)
FN:419,(anonymous_31)
FNF:23
FNH:0
FNDA:0,(anonymous_9)
FNDA:0,(anonymous_10)
FNDA:0,(anonymous_11)
FNDA:0,(anonymous_12)
FNDA:0,(anonymous_13)
FNDA:0,(anonymous_14)
FNDA:0,(anonymous_15)
FNDA:0,(anonymous_16)
FNDA:0,(anonymous_17)
FNDA:0,(anonymous_18)
FNDA:0,(anonymous_19)
FNDA:0,(anonymous_20)
FNDA:0,(anonymous_21)
FNDA:0,(anonymous_22)
FNDA:0,(anonymous_23)
FNDA:0,(anonymous_24)
FNDA:0,(anonymous_25)
FNDA:0,(anonymous_26)
FNDA:0,(anonymous_27)
FNDA:0,(anonymous_28)
FNDA:0,(anonymous_29)
FNDA:0,(anonymous_30)
FNDA:0,(anonymous_31)
DA:1,0
DA:2,0
DA:3,0
DA:4,0
DA:5,0
DA:8,0
DA:9,0
DA:10,0
DA:11,0
DA:15,0
DA:20,0
DA:21,0
DA:25,0
DA:26,0
DA:29,0
DA:30,0
DA:31,0
DA:35,0
DA:36,0
DA:37,0
DA:42,0
DA:43,0
DA:46,0
DA:47,0
DA:48,0
DA:49,0
DA:53,0
DA:57,0
DA:61,0
DA:65,0
DA:67,0
DA:68,0
DA:74,0
DA:77,0
DA:80,0
DA:81,0
DA:82,0
DA:85,0
DA:88,0
DA:102,0
DA:104,0
DA:105,0
DA:107,0
DA:113,0
DA:119,0
DA:121,0
DA:122,0
DA:126,0
DA:129,0
DA:130,0
DA:131,0
DA:134,0
DA:137,0
DA:138,0
DA:139,0
DA:142,0
DA:143,0
DA:144,0
DA:147,0
DA:148,0
DA:149,0
DA:152,0
DA:154,0
DA:155,0
DA:157,0
DA:160,0
DA:161,0
DA:162,0
DA:163,0
DA:164,0
DA:165,0
DA:166,0
DA:171,0
DA:172,0
DA:177,0
DA:179,0
DA:180,0
DA:183,0
DA:184,0
DA:188,0
DA:189,0
DA:194,0
DA:198,0
DA:199,0
DA:204,0
DA:205,0
DA:209,0
DA:211,0
DA:212,0
DA:217,0
DA:218,0
DA:219,0
DA:222,0
DA:224,0
DA:225,0
DA:228,0
DA:229,0
DA:232,0
DA:235,0
DA:236,0
DA:238,0
DA:239,0
DA:241,0
DA:243,0
DA:246,0
DA:247,0
DA:250,0
DA:255,0
DA:259,0
DA:260,0
DA:263,0
DA:264,0
DA:269,0
DA:271,0
DA:278,0
DA:286,0
DA:288,0
DA:289,0
DA:292,0
DA:293,0
DA:299,0
DA:300,0
DA:311,0
DA:312,0
DA:315,0
DA:317,0
DA:318,0
DA:321,0
DA:324,0
DA:327,0
DA:329,0
DA:331,0
DA:332,0
DA:340,0
DA:341,0
DA:342,0
DA:344,0
DA:350,0
DA:353,0
DA:354,0
DA:355,0
DA:356,0
DA:357,0
DA:362,0
DA:363,0
DA:364,0
DA:367,0
DA:373,0
DA:376,0
DA:377,0
DA:379,0
DA:381,0
DA:382,0
DA:383,0
DA:386,0
DA:392,0
DA:393,0
DA:394,0
DA:398,0
DA:402,0
DA:403,0
DA:404,0
DA:409,0
DA:420,0
LF:164
LH:0
BRDA:19,0,0,0
BRDA:19,1,0,0
BRDA:26,2,0,0
BRDA:26,2,1,0
BRDA:29,3,0,0
BRDA:29,3,1,0
BRDA:42,4,0,0
BRDA:42,4,1,0
BRDA:46,5,0,0
BRDA:46,5,1,0
BRDA:48,6,0,0
BRDA:48,6,1,0
BRDA:81,7,0,0
BRDA:81,7,1,0
BRDA:82,8,0,0
BRDA:82,8,1,0
BRDA:85,9,0,0
BRDA:85,9,1,0
BRDA:102,10,0,0
BRDA:102,10,1,0
BRDA:102,11,0,0
BRDA:102,11,1,0
BRDA:104,12,0,0
BRDA:104,12,1,0
BRDA:126,13,0,0
BRDA:126,13,1,0
BRDA:126,14,0,0
BRDA:126,14,1,0
BRDA:129,15,0,0
BRDA:129,15,1,0
BRDA:147,16,0,0
BRDA:147,16,1,0
BRDA:147,17,0,0
BRDA:147,17,1,0
BRDA:152,18,0,0
BRDA:152,18,1,0
BRDA:152,19,0,0
BRDA:152,19,1,0
BRDA:171,20,0,0
BRDA:171,20,1,0
BRDA:179,21,0,0
BRDA:179,21,1,0
BRDA:183,22,0,0
BRDA:183,22,1,0
BRDA:188,23,0,0
BRDA:188,23,1,0
BRDA:205,24,0,0
BRDA:205,24,1,0
BRDA:209,25,0,0
BRDA:209,25,1,0
BRDA:211,26,0,0
BRDA:211,26,1,0
BRDA:218,27,0,0
BRDA:218,27,1,0
BRDA:224,28,0,0
BRDA:224,28,1,0
BRDA:229,29,0,0
BRDA:229,29,1,0
BRDA:229,30,0,0
BRDA:229,30,1,0
BRDA:239,31,0,0
BRDA:239,31,1,0
BRDA:239,32,0,0
BRDA:239,32,1,0
BRDA:239,32,2,0
BRDA:241,33,0,0
BRDA:241,33,1,0
BRDA:246,34,0,0
BRDA:246,34,1,0
BRDA:263,35,0,0
BRDA:263,35,1,0
BRDA:263,36,0,0
BRDA:263,36,1,0
BRDA:269,37,0,0
BRDA:269,37,1,0
BRDA:292,38,0,0
BRDA:292,38,1,0
BRDA:311,39,0,0
BRDA:311,39,1,0
BRDA:317,40,0,0
BRDA:317,40,1,0
BRDA:317,41,0,0
BRDA:317,41,1,0
BRDA:331,42,0,0
BRDA:331,42,1,0
BRDA:355,43,0,0
BRDA:355,43,1,0
BRDA:381,44,0,0
BRDA:381,44,1,0
BRDA:392,45,0,0
BRDA:392,45,1,0
BRDA:403,46,0,0
BRDA:403,46,1,0
BRDA:412,47,0,0
BRDA:412,47,1,0
BRDA:413,48,0,0
BRDA:413,48,1,0
BRF:97
BRH:0
end_of_record
TN:
SF:src\emotional-salience.ts
FN:136,(anonymous_0)
FN:154,(anonymous_1)
FN:200,(anonymous_2)
FN:216,(anonymous_3)
FN:237,(anonymous_4)
FN:266,(anonymous_5)
FN:276,(anonymous_6)
FN:282,(anonymous_7)
FN:328,(anonymous_8)
FN:332,(anonymous_9)
FN:333,(anonymous_10)
FN:334,(anonymous_11)
FN:335,(anonymous_12)
FN:339,(anonymous_13)
FN:351,(anonymous_14)
FN:352,(anonymous_15)
FN:357,(anonymous_16)
FN:367,(anonymous_17)
FNF:18
FNH:0
FNDA:0,(anonymous_0)
FNDA:0,(anonymous_1)
FNDA:0,(anonymous_2)
FNDA:0,(anonymous_3)
FNDA:0,(anonymous_4)
FNDA:0,(anonymous_5)
FNDA:0,(anonymous_6)
FNDA:0,(anonymous_7)
FNDA:0,(anonymous_8)
FNDA:0,(anonymous_9)
FNDA:0,(anonymous_10)
FNDA:0,(anonymous_11)
FNDA:0,(anonymous_12)
FNDA:0,(anonymous_13)
FNDA:0,(anonymous_14)
FNDA:0,(anonymous_15)
FNDA:0,(anonymous_16)
FNDA:0,(anonymous_17)
DA:61,0
DA:132,0
DA:140,0
DA:141,0
DA:160,0
DA:161,0
DA:164,0
DA:165,0
DA:167,0
DA:168,0
DA:169,0
DA:179,0
DA:180,0
DA:182,0
DA:183,0
DA:184,0
DA:188,0
DA:194,0
DA:195,0
DA:196,0
DA:197,0
DA:200,0
DA:201,0
DA:205,0
DA:220,0
DA:221,0
DA:225,0
DA:229,0
DA:231,0
DA:238,0
DA:239,0
DA:242,0
DA:244,0
DA:248,0
DA:250,0
DA:251,0
DA:252,0
DA:253,0
DA:255,0
DA:266,0
DA:268,0
DA:269,0
DA:281,0
DA:282,0
DA:284,0
DA:285,0
DA:288,0
DA:290,0
DA:291,0
DA:293,0
DA:316,0
DA:318,0
DA:322,0
DA:329,0
DA:331,0
DA:332,0
DA:333,0
DA:334,0
DA:335,0
DA:338,0
DA:339,0
DA:343,0
DA:344,0
DA:345,0
DA:346,0
DA:350,0
DA:351,0
DA:352,0
DA:355,0
DA:357,0
DA:368,0
DA:369,0
DA:373,0
DA:374,0
DA:377,0
DA:378,0
DA:379,0
DA:381,0
DA:391,0
DA:392,0
LF:80
LH:0
BRDA:138,0,0,0
BRDA:168,1,0,0
BRDA:168,1,1,0
BRDA:188,2,0,0
BRDA:188,2,1,0
BRDA:194,3,0,0
BRDA:194,3,1,0
BRDA:195,4,0,0
BRDA:195,4,1,0
BRDA:196,5,0,0
BRDA:196,5,1,0
BRDA:201,6,0,0
BRDA:201,6,1,0
BRDA:203,7,0,0
BRDA:203,7,1,0
BRDA:220,8,0,0
BRDA:220,8,1,0
BRDA:238,9,0,0
BRDA:238,9,1,0
BRDA:276,10,0,0
BRDA:284,11,0,0
BRDA:284,11,1,0
BRDA:338,12,0,0
BRDA:338,12,1,0
BRDA:346,13,0,0
BRDA:346,13,1,0
BRDA:373,14,0,0
BRDA:373,14,1,0
BRF:28
BRH:0
end_of_record
TN:
SF:src\explainable-retrieval.ts
FN:101,(anonymous_0)
FN:109,(anonymous_1)
FN:151,(anonymous_2)
FN:202,(anonymous_3)
FN:287,(anonymous_4)
FN:366,(anonymous_5)
FN:377,(anonymous_6)
FN:380,(anonymous_7)
FN:445,(anonymous_8)
FN:457,(anonymous_9)
FN:529,(anonymous_10)
FN:598,(anonymous_11)
FN:612,(anonymous_12)
FN:647,(anonymous_13)
FN:665,(anonymous_14)
FN:711,(anonymous_15)
FN:723,(anonymous_16)
FN:725,(anonymous_17)
FN:733,(anonymous_18)
FNF:19
FNH:0
FNDA:0,(anonymous_0)
FNDA:0,(anonymous_1)
FNDA:0,(anonymous_2)
FNDA:0,(anonymous_3)
FNDA:0,(anonymous_4)
FNDA:0,(anonymous_5)
FNDA:0,(anonymous_6)
FNDA:0,(anonymous_7)
FNDA:0,(anonymous_8)
FNDA:0,(anonymous_9)
FNDA:0,(anonymous_10)
FNDA:0,(anonymous_11)
FNDA:0,(anonymous_12)
FNDA:0,(anonymous_13)
FNDA:0,(anonymous_14)
FNDA:0,(anonymous_15)
FNDA:0,(anonymous_16)
FNDA:0,(anonymous_17)
FNDA:0,(anonymous_18)
DA:100,0
DA:102,0
DA:103,0
DA:119,0
DA:120,0
DA:121,0
DA:123,0
DA:125,0
DA:126,0
DA:133,0
DA:145,0
DA:157,0
DA:159,0
DA:160,0
DA:163,0
DA:165,0
DA:166,0
DA:168,0
DA:169,0
DA:171,0
DA:172,0
DA:175,0
DA:176,0
DA:180,0
DA:183,0
DA:186,0
DA:188,0
DA:212,0
DA:215,0
DA:228,0
DA:229,0
DA:241,0
DA:254,0
DA:271,0
DA:272,0
DA:275,0
DA:276,0
DA:281,0
DA:297,0
DA:300,0
DA:312,0
DA:324,0
DA:337,0
DA:351,0
DA:352,0
DA:355,0
DA:356,0
DA:360,0
DA:375,0
DA:376,0
DA:377,0
DA:380,0
DA:381,0
DA:392,0
DA:393,0
DA:394,0
DA:402,0
DA:403,0
DA:411,0
DA:412,0
DA:420,0
DA:421,0
DA:431,0
DA:443,0
DA:444,0
DA:445,0
DA:447,0
DA:451,0
DA:466,0
DA:467,0
DA:470,0
DA:482,0
DA:483,0
DA:484,0
DA:493,0
DA:494,0
DA:503,0
DA:504,0
DA:505,0
DA:506,0
DA:518,0
DA:519,0
DA:523,0
DA:531,0
DA:532,0
DA:535,0
DA:544,0
DA:545,0
DA:548,0
DA:549,0
DA:556,0
DA:558,0
DA:561,0
DA:570,0
DA:579,0
DA:584,0
DA:586,0
DA:599,0
DA:600,0
DA:603,0
DA:612,0
DA:613,0
DA:623,0
DA:624,0
DA:633,0
DA:635,0
DA:648,0
DA:649,0
DA:651,0
DA:652,0
DA:653,0
DA:654,0
DA:655,0
DA:659,0
DA:666,0
DA:667,0
DA:668,0
DA:670,0
DA:671,0
DA:672,0
DA:673,0
DA:674,0
DA:677,0
DA:678,0
DA:679,0
DA:680,0
DA:682,0
DA:684,0
DA:685,0
DA:688,0
DA:689,0
DA:690,0
DA:693,0
DA:694,0
DA:695,0
DA:696,0
DA:697,0
DA:700,0
DA:712,0
DA:724,0
DA:725,0
DA:727,0
DA:735,0
DA:738,0
DA:739,0
DA:740,0
DA:744,0
DA:745,0
DA:748,0
LF:149
LH:0
BRDA:119,0,0,0
BRDA:119,0,1,0
BRDA:120,1,0,0
BRDA:120,1,1,0
BRDA:121,2,0,0
BRDA:121,2,1,0
BRDA:135,3,0,0
BRDA:135,3,1,0
BRDA:163,4,0,0
BRDA:163,4,1,0
BRDA:163,4,2,0
BRDA:163,4,3,0
BRDA:163,4,4,0
BRDA:191,5,0,0
BRDA:191,5,1,0
BRDA:192,6,0,0
BRDA:192,6,1,0
BRDA:193,7,0,0
BRDA:193,7,1,0
BRDA:219,8,0,0
BRDA:219,8,1,0
BRDA:228,9,0,0
BRDA:228,9,1,0
BRDA:228,9,2,0
BRDA:249,10,0,0
BRDA:249,10,1,0
BRDA:262,11,0,0
BRDA:262,11,1,0
BRDA:264,12,0,0
BRDA:264,12,1,0
BRDA:271,13,0,0
BRDA:271,13,1,0
BRDA:277,14,0,0
BRDA:277,14,1,0
BRDA:278,15,0,0
BRDA:278,15,1,0
BRDA:279,16,0,0
BRDA:279,16,1,0
BRDA:304,17,0,0
BRDA:304,17,1,0
BRDA:307,18,0,0
BRDA:307,18,1,0
BRDA:317,19,0,0
BRDA:317,19,1,0
BRDA:318,20,0,0
BRDA:318,20,1,0
BRDA:328,21,0,0
BRDA:328,21,1,0
BRDA:340,22,0,0
BRDA:340,22,1,0
BRDA:343,23,0,0
BRDA:343,23,1,0
BRDA:344,24,0,0
BRDA:344,24,1,0
BRDA:345,25,0,0
BRDA:345,25,1,0
BRDA:345,25,2,0
BRDA:351,26,0,0
BRDA:351,26,1,0
BRDA:351,27,0,0
BRDA:351,27,1,0
BRDA:355,28,0,0
BRDA:355,28,1,0
BRDA:357,29,0,0
BRDA:357,29,1,0
BRDA:357,30,0,0
BRDA:357,30,1,0
BRDA:358,31,0,0
BRDA:358,31,1,0
BRDA:358,32,0,0
BRDA:358,32,1,0
BRDA:376,33,0,0
BRDA:376,33,1,0
BRDA:377,34,0,0
BRDA:377,34,1,0
BRDA:380,35,0,0
BRDA:380,35,1,0
BRDA:393,36,0,0
BRDA:393,36,1,0
BRDA:402,37,0,0
BRDA:402,37,1,0
BRDA:411,38,0,0
BRDA:411,38,1,0
BRDA:420,39,0,0
BRDA:420,39,1,0
BRDA:467,40,0,0
BRDA:467,40,1,0
BRDA:483,41,0,0
BRDA:483,41,1,0
BRDA:493,42,0,0
BRDA:493,42,1,0
BRDA:503,43,0,0
BRDA:503,43,1,0
BRDA:520,44,0,0
BRDA:520,44,1,0
BRDA:521,45,0,0
BRDA:521,45,1,0
BRDA:544,46,0,0
BRDA:544,46,1,0
BRDA:544,47,0,0
BRDA:544,47,1,0
BRDA:545,48,0,0
BRDA:545,48,1,0
BRDA:558,49,0,0
BRDA:558,49,1,0
BRDA:591,50,0,0
BRDA:591,50,1,0
BRDA:591,50,2,0
BRDA:623,51,0,0
BRDA:623,51,1,0
BRDA:627,52,0,0
BRDA:627,52,1,0
BRDA:628,53,0,0
BRDA:628,53,1,0
BRDA:628,53,2,0
BRDA:629,54,0,0
BRDA:629,54,1,0
BRDA:629,55,0,0
BRDA:629,55,1,0
BRDA:629,55,2,0
BRDA:640,56,0,0
BRDA:640,56,1,0
BRDA:648,57,0,0
BRDA:648,57,1,0
BRDA:649,58,0,0
BRDA:649,58,1,0
BRDA:654,59,0,0
BRDA:654,59,1,0
BRDA:670,60,0,0
BRDA:670,60,1,0
BRDA:688,61,0,0
BRDA:688,61,1,0
BRDA:693,62,0,0
BRDA:693,62,1,0
BRDA:724,63,0,0
BRDA:724,63,1,0
BRDA:739,64,0,0
BRDA:739,64,1,0
BRDA:744,65,0,0
BRDA:744,65,1,0
BRDA:744,66,0,0
BRDA:744,66,1,0
BRF:142
BRH:0
end_of_record
TN:
SF:src\export-import-service.ts
FN:26,(anonymous_10)
FN:31,(anonymous_11)
FN:91,(anonymous_12)
FN:138,(anonymous_13)
FN:142,(anonymous_14)
FN:154,(anonymous_15)
FN:165,(anonymous_16)
FN:180,(anonymous_17)
FN:186,(anonymous_18)
FN:193,(anonymous_19)
FN:200,(anonymous_20)
FN:212,(anonymous_21)
FN:232,(anonymous_22)
FN:242,(anonymous_23)
FN:246,(anonymous_24)
FN:259,(anonymous_25)
FN:265,(anonymous_26)
FN:269,(anonymous_27)
FN:270,(anonymous_28)
FN:300,(anonymous_29)
FN:310,(anonymous_30)
FN:311,(anonymous_31)
FN:316,(anonymous_32)
FN:328,(anonymous_33)
FN:348,(anonymous_34)
FN:386,(anonymous_35)
FN:427,(anonymous_36)
FN:429,(anonymous_37)
FN:443,(anonymous_38)
FN:443,(anonymous_39)
FN:460,(anonymous_40)
FN:514,(anonymous_41)
FN:518,(anonymous_42)
FN:525,(anonymous_43)
FN:532,(anonymous_44)
FN:533,(anonymous_45)
FN:539,(anonymous_46)
FN:560,(anonymous_47)
FN:561,(anonymous_48)
FN:567,(anonymous_49)
FN:586,(anonymous_50)
FNF:41
FNH:0
FNDA:0,(anonymous_10)
FNDA:0,(anonymous_11)
FNDA:0,(anonymous_12)
FNDA:0,(anonymous_13)
FNDA:0,(anonymous_14)
FNDA:0,(anonymous_15)
FNDA:0,(anonymous_16)
FNDA:0,(anonymous_17)
FNDA:0,(anonymous_18)
FNDA:0,(anonymous_19)
FNDA:0,(anonymous_20)
FNDA:0,(anonymous_21)
FNDA:0,(anonymous_22)
FNDA:0,(anonymous_23)
FNDA:0,(anonymous_24)
FNDA:0,(anonymous_25)
FNDA:0,(anonymous_26)
FNDA:0,(anonymous_27)
FNDA:0,(anonymous_28)
FNDA:0,(anonymous_29)
FNDA:0,(anonymous_30)
FNDA:0,(anonymous_31)
FNDA:0,(anonymous_32)
FNDA:0,(anonymous_33)
FNDA:0,(anonymous_34)
FNDA:0,(anonymous_35)
FNDA:0,(anonymous_36)
FNDA:0,(anonymous_37)
FNDA:0,(anonymous_38)
FNDA:0,(anonymous_39)
FNDA:0,(anonymous_40)
FNDA:0,(anonymous_41)
FNDA:0,(anonymous_42)
FNDA:0,(anonymous_43)
FNDA:0,(anonymous_44)
FNDA:0,(anonymous_45)
FNDA:0,(anonymous_46)
FNDA:0,(anonymous_47)
FNDA:0,(anonymous_48)
FNDA:0,(anonymous_49)
FNDA:0,(anonymous_50)
DA:3,0
DA:25,0
DA:26,0
DA:41,0
DA:44,0
DA:45,0
DA:48,0
DA:52,0
DA:58,0
DA:60,0
DA:62,0
DA:69,0
DA:76,0
DA:77,0
DA:84,0
DA:103,0
DA:105,0
DA:111,0
DA:112,0
DA:114,0
DA:117,0
DA:120,0
DA:123,0
DA:126,0
DA:129,0
DA:130,0
DA:139,0
DA:141,0
DA:142,0
DA:143,0
DA:146,0
DA:147,0
DA:150,0
DA:151,0
DA:155,0
DA:157,0
DA:158,0
DA:161,0
DA:162,0
DA:166,0
DA:168,0
DA:169,0
DA:172,0
DA:173,0
DA:181,0
DA:186,0
DA:193,0
DA:200,0
DA:213,0
DA:214,0
DA:215,0
DA:216,0
DA:217,0
DA:218,0
DA:220,0
DA:222,0
DA:223,0
DA:224,0
DA:225,0
DA:227,0
DA:228,0
DA:232,0
DA:233,0
DA:234,0
DA:235,0
DA:236,0
DA:238,0
DA:242,0
DA:243,0
DA:244,0
DA:245,0
DA:246,0
DA:247,0
DA:248,0
DA:250,0
DA:253,0
DA:256,0
DA:265,0
DA:266,0
DA:267,0
DA:269,0
DA:270,0
DA:271,0
DA:274,0
DA:281,0
DA:282,0
DA:283,0
DA:284,0
DA:285,0
DA:287,0
DA:288,0
DA:290,0
DA:291,0
DA:292,0
DA:296,0
DA:297,0
DA:300,0
DA:301,0
DA:302,0
DA:303,0
DA:304,0
DA:306,0
DA:310,0
DA:311,0
DA:313,0
DA:314,0
DA:315,0
DA:316,0
DA:317,0
DA:318,0
DA:319,0
DA:322,0
DA:325,0
DA:326,0
DA:327,0
DA:328,0
DA:329,0
DA:330,0
DA:331,0
DA:334,0
DA:337,0
DA:340,0
DA:349,0
DA:350,0
DA:352,0
DA:353,0
DA:355,0
DA:356,0
DA:359,0
DA:362,0
DA:363,0
DA:364,0
DA:365,0
DA:366,0
DA:370,0
DA:371,0
DA:375,0
DA:376,0
DA:379,0
DA:383,0
DA:387,0
DA:390,0
DA:391,0
DA:394,0
DA:395,0
DA:396,0
DA:399,0
DA:400,0
DA:401,0
DA:405,0
DA:407,0
DA:412,0
DA:413,0
DA:414,0
DA:418,0
DA:420,0
DA:424,0
DA:429,0
DA:431,0
DA:432,0
DA:433,0
DA:434,0
DA:436,0
DA:438,0
DA:439,0
DA:440,0
DA:443,0
DA:445,0
DA:446,0
DA:447,0
DA:448,0
DA:453,0
DA:457,0
DA:461,0
DA:463,0
DA:464,0
DA:467,0
DA:470,0
DA:471,0
DA:472,0
DA:473,0
DA:474,0
DA:475,0
DA:476,0
DA:480,0
DA:481,0
DA:483,0
DA:488,0
DA:489,0
DA:490,0
DA:491,0
DA:493,0
DA:498,0
DA:499,0
DA:500,0
DA:501,0
DA:503,0
DA:507,0
DA:515,0
DA:519,0
DA:522,0
DA:526,0
DA:529,0
DA:533,0
DA:534,0
DA:535,0
DA:536,0
DA:540,0
DA:541,0
DA:544,0
DA:545,0
DA:547,0
DA:561,0
DA:562,0
DA:563,0
DA:564,0
DA:568,0
DA:569,0
DA:570,0
DA:572,0
DA:587,0
DA:589,0
LF:222
LH:0
BRDA:26,0,0,0
BRDA:45,1,0,0
BRDA:45,1,1,0
BRDA:48,2,0,0
BRDA:48,2,1,0
BRDA:60,3,0,0
BRDA:60,3,1,0
BRDA:60,3,2,0
BRDA:60,3,3,0
BRDA:112,4,0,0
BRDA:112,4,1,0
BRDA:112,4,2,0
BRDA:112,4,3,0
BRDA:112,4,4,0
BRDA:129,5,0,0
BRDA:129,5,1,0
BRDA:141,6,0,0
BRDA:141,6,1,0
BRDA:141,7,0,0
BRDA:141,7,1,0
BRDA:146,8,0,0
BRDA:146,8,1,0
BRDA:151,9,0,0
BRDA:151,9,1,0
BRDA:157,10,0,0
BRDA:157,10,1,0
BRDA:162,11,0,0
BRDA:162,11,1,0
BRDA:168,12,0,0
BRDA:168,12,1,0
BRDA:173,13,0,0
BRDA:173,13,1,0
BRDA:190,14,0,0
BRDA:190,14,1,0
BRDA:197,15,0,0
BRDA:197,15,1,0
BRDA:205,16,0,0
BRDA:205,16,1,0
BRDA:227,17,0,0
BRDA:227,17,1,0
BRDA:227,18,0,0
BRDA:227,18,1,0
BRDA:227,18,2,0
BRDA:233,19,0,0
BRDA:233,19,1,0
BRDA:243,20,0,0
BRDA:243,20,1,0
BRDA:247,21,0,0
BRDA:247,21,1,0
BRDA:287,22,0,0
BRDA:287,22,1,0
BRDA:290,23,0,0
BRDA:290,23,1,0
BRDA:290,24,0,0
BRDA:290,24,1,0
BRDA:290,24,2,0
BRDA:301,25,0,0
BRDA:301,25,1,0
BRDA:313,26,0,0
BRDA:313,26,1,0
BRDA:317,27,0,0
BRDA:317,27,1,0
BRDA:325,28,0,0
BRDA:325,28,1,0
BRDA:329,29,0,0
BRDA:329,29,1,0
BRDA:349,30,0,0
BRDA:349,30,1,0
BRDA:350,31,0,0
BRDA:350,31,1,0
BRDA:355,32,0,0
BRDA:355,32,1,0
BRDA:356,33,0,0
BRDA:356,33,1,0
BRDA:362,34,0,0
BRDA:362,34,1,0
BRDA:364,35,0,0
BRDA:364,35,1,0
BRDA:370,36,0,0
BRDA:370,36,1,0
BRDA:375,37,0,0
BRDA:375,37,1,0
BRDA:379,38,0,0
BRDA:379,38,1,0
BRDA:387,39,0,0
BRDA:387,39,1,0
BRDA:390,40,0,0
BRDA:390,40,1,0
BRDA:391,41,0,0
BRDA:391,41,1,0
BRDA:394,42,0,0
BRDA:394,42,1,0
BRDA:401,43,0,0
BRDA:401,43,1,0
BRDA:401,43,2,0
BRDA:407,44,0,0
BRDA:407,44,1,0
BRDA:414,45,0,0
BRDA:414,45,1,0
BRDA:414,45,2,0
BRDA:420,46,0,0
BRDA:420,46,1,0
BRDA:436,47,0,0
BRDA:436,47,1,0
BRDA:436,48,0,0
BRDA:436,48,1,0
BRDA:438,49,0,0
BRDA:438,49,1,0
BRDA:446,50,0,0
BRDA:446,50,1,0
BRDA:453,51,0,0
BRDA:453,51,1,0
BRDA:461,52,0,0
BRDA:461,52,1,0
BRDA:463,53,0,0
BRDA:463,53,1,0
BRDA:470,54,0,0
BRDA:470,54,1,0
BRDA:472,55,0,0
BRDA:472,55,1,0
BRDA:474,56,0,0
BRDA:474,56,1,0
BRDA:480,57,0,0
BRDA:480,57,1,0
BRDA:483,58,0,0
BRDA:483,58,1,0
BRDA:488,59,0,0
BRDA:488,59,1,0
BRDA:490,60,0,0
BRDA:490,60,1,0
BRDA:493,61,0,0
BRDA:493,61,1,0
BRDA:498,62,0,0
BRDA:498,62,1,0
BRDA:500,63,0,0
BRDA:500,63,1,0
BRDA:500,64,0,0
BRDA:500,64,1,0
BRDA:503,65,0,0
BRDA:503,65,1,0
BRDA:522,66,0,0
BRDA:522,66,1,0
BRDA:522,67,0,0
BRDA:522,67,1,0
BRDA:529,68,0,0
BRDA:529,68,1,0
BRDA:556,69,0,0
BRDA:556,69,1,0
BRDA:582,70,0,0
BRDA:582,70,1,0
BRDA:597,71,0,0
BRDA:597,71,1,0
BRF:152
BRH:0
end_of_record
TN:
SF:src\full-system-test.ts
FN:7,runFullSystemTest
FNF:1
FNH:0
FNDA:0,runFullSystemTest
DA:2,0
DA:3,0
DA:9,0
DA:11,0
DA:13,0
DA:14,0
DA:15,0
DA:17,0
DA:18,0
DA:24,0
DA:25,0
DA:26,0
DA:29,0
DA:33,0
DA:35,0
DA:38,0
DA:39,0
DA:40,0
DA:41,0
DA:42,0
DA:45,0
DA:46,0
DA:47,0
DA:48,0
DA:49,0
DA:50,0
DA:56,0
LF:27
LH:0
BRDA:24,0,0,0
BRDA:24,0,1,0
BRDA:50,1,0,0
BRDA:50,1,1,0
BRF:4
BRH:0
end_of_record
TN:
SF:src\hierarchical-memory.ts
FN:24,(anonymous_9)
FN:82,(anonymous_10)
FN:109,(anonymous_11)
FN:173,(anonymous_12)
FN:217,(anonymous_13)
FN:239,(anonymous_14)
FN:255,(anonymous_15)
FN:256,(anonymous_16)
FN:336,(anonymous_17)
FN:349,(anonymous_18)
FN:355,(anonymous_19)
FN:360,(anonymous_20)
FN:362,(anonymous_21)
FN:392,(anonymous_22)
FN:409,(anonymous_23)
FN:451,(anonymous_24)
FN:458,(anonymous_25)
FNF:17
FNH:0
FNDA:0,(anonymous_9)
FNDA:0,(anonymous_10)
FNDA:0,(anonymous_11)
FNDA:0,(anonymous_12)
FNDA:0,(anonymous_13)
FNDA:0,(anonymous_14)
FNDA:0,(anonymous_15)
FNDA:0,(anonymous_16)
FNDA:0,(anonymous_17)
FNDA:0,(anonymous_18)
FNDA:0,(anonymous_19)
FNDA:0,(anonymous_20)
FNDA:0,(anonymous_21)
FNDA:0,(anonymous_22)
FNDA:0,(anonymous_23)
FNDA:0,(anonymous_24)
FNDA:0,(anonymous_25)
DA:19,0
DA:24,0
DA:25,0
DA:26,0
DA:27,0
DA:28,0
DA:77,0
DA:87,0
DA:88,0
DA:90,0
DA:110,0
DA:112,0
DA:118,0
DA:119,0
DA:122,0
DA:123,0
DA:126,0
DA:127,0
DA:128,0
DA:134,0
DA:135,0
DA:139,0
DA:143,0
DA:144,0
DA:145,0
DA:148,0
DA:149,0
DA:150,0
DA:154,0
DA:158,0
DA:165,0
DA:166,0
DA:179,0
DA:181,0
DA:182,0
DA:184,0
DA:185,0
DA:187,0
DA:188,0
DA:190,0
DA:191,0
DA:193,0
DA:196,0
DA:199,0
DA:216,0
DA:218,0
DA:219,0
DA:220,0
DA:222,0
DA:224,0
DA:233,0
DA:243,0
DA:244,0
DA:247,0
DA:249,0
DA:250,0
DA:251,0
DA:255,0
DA:256,0
DA:258,0
DA:261,0
DA:264,0
DA:265,0
DA:266,0
DA:268,0
DA:296,0
DA:297,0
DA:298,0
DA:308,0
DA:312,0
DA:313,0
DA:329,0
DA:331,0
DA:336,0
DA:341,0
DA:342,0
DA:353,0
DA:355,0
DA:356,0
DA:358,0
DA:359,0
DA:360,0
DA:362,0
DA:365,0
DA:372,0
DA:380,0
DA:381,0
DA:383,0
DA:385,0
DA:393,0
DA:396,0
DA:397,0
DA:398,0
DA:399,0
DA:403,0
DA:414,0
DA:416,0
DA:423,0
DA:424,0
DA:426,0
DA:427,0
DA:428,0
DA:429,0
DA:430,0
DA:433,0
DA:439,0
DA:440,0
DA:452,0
DA:459,0
LF:109
LH:0
BRDA:24,0,0,0
BRDA:24,0,1,0
BRDA:85,1,0,0
BRDA:91,2,0,0
BRDA:91,2,1,0
BRDA:92,3,0,0
BRDA:92,3,1,0
BRDA:93,4,0,0
BRDA:93,4,1,0
BRDA:94,5,0,0
BRDA:94,5,1,0
BRDA:96,6,0,0
BRDA:96,6,1,0
BRDA:97,7,0,0
BRDA:97,7,1,0
BRDA:98,8,0,0
BRDA:98,8,1,0
BRDA:100,9,0,0
BRDA:100,9,1,0
BRDA:101,10,0,0
BRDA:101,10,1,0
BRDA:102,11,0,0
BRDA:102,11,1,0
BRDA:118,12,0,0
BRDA:118,12,1,0
BRDA:123,13,0,0
BRDA:123,13,1,0
BRDA:134,14,0,0
BRDA:134,14,1,0
BRDA:148,15,0,0
BRDA:148,15,1,0
BRDA:179,16,0,0
BRDA:179,16,1,0
BRDA:179,16,2,0
BRDA:179,16,3,0
BRDA:179,16,4,0
BRDA:220,17,0,0
BRDA:220,17,1,0
BRDA:249,18,0,0
BRDA:249,18,1,0
BRDA:356,19,0,0
BRDA:356,19,1,0
BRDA:380,20,0,0
BRDA:380,20,1,0
BRDA:398,21,0,0
BRDA:398,21,1,0
BRF:46
BRH:0
end_of_record
TN:
SF:src\hybrid-search.ts
FN:73,(anonymous_10)
FN:79,(anonymous_11)
FN:94,(anonymous_12)
FN:120,(anonymous_13)
FN:131,(anonymous_14)
FN:132,(anonymous_15)
FN:150,(anonymous_16)
FN:154,(anonymous_17)
FN:185,(anonymous_18)
FN:189,(anonymous_19)
FN:195,(anonymous_20)
FN:202,(anonymous_21)
FN:217,(anonymous_22)
FN:267,(anonymous_23)
FN:317,(anonymous_24)
FN:360,(anonymous_25)
FN:375,(anonymous_26)
FN:380,(anonymous_27)
FN:382,(anonymous_28)
FN:409,(anonymous_29)
FN:415,(anonymous_30)
FN:434,(anonymous_31)
FN:467,(anonymous_32)
FN:510,(anonymous_33)
FN:528,(anonymous_34)
FN:533,(anonymous_35)
FN:535,(anonymous_36)
FN:559,(anonymous_37)
FN:585,(anonymous_38)
FN:667,(anonymous_39)
FN:676,(anonymous_40)
FNF:31
FNH:0
FNDA:0,(anonymous_10)
FNDA:0,(anonymous_11)
FNDA:0,(anonymous_12)
FNDA:0,(anonymous_13)
FNDA:0,(anonymous_14)
FNDA:0,(anonymous_15)
FNDA:0,(anonymous_16)
FNDA:0,(anonymous_17)
FNDA:0,(anonymous_18)
FNDA:0,(anonymous_19)
FNDA:0,(anonymous_20)
FNDA:0,(anonymous_21)
FNDA:0,(anonymous_22)
FNDA:0,(anonymous_23)
FNDA:0,(anonymous_24)
FNDA:0,(anonymous_25)
FNDA:0,(anonymous_26)
FNDA:0,(anonymous_27)
FNDA:0,(anonymous_28)
FNDA:0,(anonymous_29)
FNDA:0,(anonymous_30)
FNDA:0,(anonymous_31)
FNDA:0,(anonymous_32)
FNDA:0,(anonymous_33)
FNDA:0,(anonymous_34)
FNDA:0,(anonymous_35)
FNDA:0,(anonymous_36)
FNDA:0,(anonymous_37)
FNDA:0,(anonymous_38)
FNDA:0,(anonymous_39)
FNDA:0,(anonymous_40)
DA:3,0
DA:4,0
DA:5,0
DA:6,0
DA:64,0
DA:66,0
DA:70,0
DA:71,0
DA:74,0
DA:75,0
DA:76,0
DA:80,0
DA:91,0
DA:95,0
DA:96,0
DA:97,0
DA:98,0
DA:99,0
DA:102,0
DA:103,0
DA:107,0
DA:108,0
DA:109,0
DA:110,0
DA:111,0
DA:114,0
DA:117,0
DA:121,0
DA:122,0
DA:123,0
DA:124,0
DA:132,0
DA:133,0
DA:134,0
DA:136,0
DA:137,0
DA:138,0
DA:139,0
DA:141,0
DA:142,0
DA:144,0
DA:146,0
DA:151,0
DA:152,0
DA:154,0
DA:155,0
DA:156,0
DA:158,0
DA:160,0
DA:161,0
DA:162,0
DA:165,0
DA:166,0
DA:167,0
DA:170,0
DA:172,0
DA:173,0
DA:181,0
DA:186,0
DA:188,0
DA:189,0
DA:190,0
DA:195,0
DA:196,0
DA:199,0
DA:200,0
DA:202,0
DA:203,0
DA:204,0
DA:212,0
DA:213,0
DA:218,0
DA:219,0
DA:222,0
DA:223,0
DA:224,0
DA:227,0
DA:230,0
DA:231,0
DA:233,0
DA:234,0
DA:235,0
DA:238,0
DA:239,0
DA:240,0
DA:241,0
DA:242,0
DA:244,0
DA:246,0
DA:247,0
DA:250,0
DA:252,0
DA:255,0
DA:262,0
DA:263,0
DA:264,0
DA:266,0
DA:267,0
DA:268,0
DA:269,0
DA:271,0
DA:275,0
DA:276,0
DA:278,0
DA:282,0
DA:283,0
DA:284,0
DA:285,0
DA:286,0
DA:287,0
DA:292,0
DA:293,0
DA:295,0
DA:297,0
DA:300,0
DA:301,0
DA:302,0
DA:304,0
DA:306,0
DA:307,0
DA:308,0
DA:311,0
DA:312,0
DA:313,0
DA:316,0
DA:317,0
DA:318,0
DA:319,0
DA:320,0
DA:324,0
DA:325,0
DA:326,0
DA:329,0
DA:330,0
DA:331,0
DA:334,0
DA:338,0
DA:339,0
DA:344,0
DA:345,0
DA:351,0
DA:358,0
DA:359,0
DA:360,0
DA:373,0
DA:374,0
DA:375,0
DA:379,0
DA:380,0
DA:381,0
DA:382,0
DA:386,0
DA:387,0
DA:390,0
DA:391,0
DA:392,0
DA:393,0
DA:396,0
DA:397,0
DA:398,0
DA:400,0
DA:401,0
DA:402,0
DA:404,0
DA:405,0
DA:410,0
DA:411,0
DA:412,0
DA:413,0
DA:415,0
DA:421,0
DA:423,0
DA:426,0
DA:435,0
DA:436,0
DA:439,0
DA:440,0
DA:441,0
DA:444,0
DA:445,0
DA:446,0
DA:448,0
DA:449,0
DA:457,0
DA:458,0
DA:459,0
DA:461,0
DA:462,0
DA:463,0
DA:466,0
DA:467,0
DA:468,0
DA:469,0
DA:473,0
DA:474,0
DA:475,0
DA:477,0
DA:479,0
DA:480,0
DA:481,0
DA:482,0
DA:490,0
DA:508,0
DA:509,0
DA:510,0
DA:526,0
DA:527,0
DA:528,0
DA:532,0
DA:533,0
DA:534,0
DA:535,0
DA:539,0
DA:541,0
DA:542,0
DA:543,0
DA:544,0
DA:547,0
DA:548,0
DA:550,0
DA:551,0
DA:552,0
DA:554,0
DA:555,0
DA:560,0
DA:561,0
DA:564,0
DA:565,0
DA:566,0
DA:569,0
DA:571,0
DA:582,0
DA:584,0
DA:585,0
DA:586,0
DA:587,0
DA:596,0
DA:599,0
DA:600,0
DA:601,0
DA:602,0
DA:605,0
DA:607,0
DA:608,0
DA:609,0
DA:610,0
DA:611,0
DA:612,0
DA:613,0
DA:614,0
DA:615,0
DA:618,0
DA:619,0
DA:620,0
DA:621,0
DA:625,0
DA:628,0
DA:631,0
DA:633,0
DA:636,0
DA:640,0
DA:641,0
DA:644,0
DA:654,0
DA:655,0
DA:656,0
DA:658,0
DA:662,0
DA:663,0
DA:667,0
DA:677,0
DA:678,0
DA:679,0
DA:680,0
DA:682,0
LF:275
LH:0
BRDA:97,0,0,0
BRDA:97,0,1,0
BRDA:97,1,0,0
BRDA:97,1,1,0
BRDA:107,2,0,0
BRDA:107,2,1,0
BRDA:134,3,0,0
BRDA:134,3,1,0
BRDA:136,4,0,0
BRDA:136,4,1,0
BRDA:137,5,0,0
BRDA:137,5,1,0
BRDA:142,6,0,0
BRDA:142,6,1,0
BRDA:152,7,0,0
BRDA:152,7,1,0
BRDA:152,8,0,0
BRDA:152,8,1,0
BRDA:158,9,0,0
BRDA:158,9,1,0
BRDA:160,10,0,0
BRDA:160,10,1,0
BRDA:160,11,0,0
BRDA:160,11,1,0
BRDA:165,12,0,0
BRDA:165,12,1,0
BRDA:165,13,0,0
BRDA:165,13,1,0
BRDA:170,14,0,0
BRDA:170,14,1,0
BRDA:176,15,0,0
BRDA:176,15,1,0
BRDA:186,16,0,0
BRDA:186,16,1,0
BRDA:191,17,0,0
BRDA:191,17,1,0
BRDA:192,18,0,0
BRDA:192,18,1,0
BRDA:193,19,0,0
BRDA:193,19,1,0
BRDA:194,20,0,0
BRDA:194,20,1,0
BRDA:207,21,0,0
BRDA:207,21,1,0
BRDA:219,22,0,0
BRDA:222,23,0,0
BRDA:222,23,1,0
BRDA:239,24,0,0
BRDA:239,24,1,0
BRDA:247,25,0,0
BRDA:247,25,1,0
BRDA:247,25,2,0
BRDA:247,25,3,0
BRDA:250,26,0,0
BRDA:250,26,1,0
BRDA:259,27,0,0
BRDA:259,27,1,0
BRDA:266,28,0,0
BRDA:266,28,1,0
BRDA:275,29,0,0
BRDA:275,29,1,0
BRDA:275,30,0,0
BRDA:275,30,1,0
BRDA:283,31,0,0
BRDA:283,31,1,0
BRDA:283,32,0,0
BRDA:283,32,1,0
BRDA:286,33,0,0
BRDA:286,33,1,0
BRDA:295,34,0,0
BRDA:295,34,1,0
BRDA:295,35,0,0
BRDA:295,35,1,0
BRDA:301,36,0,0
BRDA:301,36,1,0
BRDA:307,37,0,0
BRDA:307,37,1,0
BRDA:311,38,0,0
BRDA:311,38,1,0
BRDA:316,39,0,0
BRDA:316,39,1,0
BRDA:316,40,0,0
BRDA:316,40,1,0
BRDA:324,41,0,0
BRDA:324,41,1,0
BRDA:324,42,0,0
BRDA:324,42,1,0
BRDA:329,43,0,0
BRDA:329,43,1,0
BRDA:338,44,0,0
BRDA:338,44,1,0
BRDA:338,45,0,0
BRDA:338,45,1,0
BRDA:344,46,0,0
BRDA:344,46,1,0
BRDA:344,47,0,0
BRDA:344,47,1,0
BRDA:367,48,0,0
BRDA:367,48,1,0
BRDA:368,49,0,0
BRDA:368,49,1,0
BRDA:373,50,0,0
BRDA:373,50,1,0
BRDA:375,51,0,0
BRDA:375,51,1,0
BRDA:379,52,0,0
BRDA:379,52,1,0
BRDA:381,53,0,0
BRDA:381,53,1,0
BRDA:381,54,0,0
BRDA:381,54,1,0
BRDA:390,55,0,0
BRDA:390,55,1,0
BRDA:410,56,0,0
BRDA:413,57,0,0
BRDA:413,57,1,0
BRDA:417,58,0,0
BRDA:417,58,1,0
BRDA:421,59,0,0
BRDA:423,60,0,0
BRDA:423,61,0,0
BRDA:423,62,0,0
BRDA:423,62,1,0
BRDA:436,63,0,0
BRDA:439,64,0,0
BRDA:439,64,1,0
BRDA:445,65,0,0
BRDA:445,65,1,0
BRDA:461,66,0,0
BRDA:461,66,1,0
BRDA:461,67,0,0
BRDA:461,67,1,0
BRDA:466,68,0,0
BRDA:466,68,1,0
BRDA:474,69,0,0
BRDA:474,69,1,0
BRDA:480,70,0,0
BRDA:480,70,1,0
BRDA:515,71,0,0
BRDA:515,71,1,0
BRDA:516,72,0,0
BRDA:516,72,1,0
BRDA:518,73,0,0
BRDA:518,73,1,0
BRDA:526,74,0,0
BRDA:526,74,1,0
BRDA:528,75,0,0
BRDA:528,75,1,0
BRDA:532,76,0,0
BRDA:532,76,1,0
BRDA:534,77,0,0
BRDA:534,77,1,0
BRDA:534,78,0,0
BRDA:534,78,1,0
BRDA:541,79,0,0
BRDA:541,79,1,0
BRDA:561,80,0,0
BRDA:564,81,0,0
BRDA:564,81,1,0
BRDA:564,82,0,0
BRDA:564,82,1,0
BRDA:586,83,0,0
BRDA:586,83,1,0
BRDA:596,84,0,0
BRDA:596,84,1,0
BRDA:599,85,0,0
BRDA:599,85,1,0
BRDA:601,86,0,0
BRDA:601,86,1,0
BRDA:610,87,0,0
BRDA:610,87,1,0
BRDA:610,88,0,0
BRDA:610,88,1,0
BRDA:612,89,0,0
BRDA:612,89,1,0
BRDA:612,90,0,0
BRDA:612,90,1,0
BRDA:614,91,0,0
BRDA:614,91,1,0
BRDA:618,92,0,0
BRDA:618,92,1,0
BRDA:620,93,0,0
BRDA:620,93,1,0
BRDA:636,94,0,0
BRDA:636,94,1,0
BRDA:636,94,2,0
BRDA:636,94,3,0
BRDA:636,94,4,0
BRDA:654,95,0,0
BRDA:654,95,1,0
BRDA:670,96,0,0
BRDA:670,96,1,0
BRF:192
BRH:0
end_of_record
TN:
SF:src\index.ts
FN:71,(anonymous_10)
FN:87,(anonymous_11)
FN:95,(anonymous_12)
FN:110,(anonymous_13)
FN:117,(anonymous_14)
FN:132,(anonymous_15)
FN:146,(anonymous_16)
FN:158,(anonymous_17)
FN:162,(anonymous_18)
FN:172,(anonymous_19)
FN:186,(anonymous_20)
FN:193,(anonymous_21)
FN:214,(anonymous_22)
FN:231,(anonymous_23)
FN:244,(anonymous_24)
FN:252,(anonymous_25)
FN:260,(anonymous_26)
FN:268,(anonymous_27)
FN:298,(anonymous_28)
FN:325,(anonymous_29)
FN:343,(anonymous_30)
FN:380,(anonymous_31)
FN:382,(anonymous_32)
FN:410,(anonymous_33)
FN:415,(anonymous_34)
FN:418,(anonymous_35)
FN:419,(anonymous_36)
FN:425,(anonymous_37)
FN:429,(anonymous_38)
FN:441,(anonymous_39)
FN:445,(anonymous_40)
FN:464,(anonymous_41)
FN:484,(anonymous_42)
FN:498,(anonymous_43)
FN:530,(anonymous_44)
FN:541,(anonymous_45)
FN:558,(anonymous_46)
FN:588,(anonymous_47)
FN:596,(anonymous_48)
FN:639,(anonymous_49)
FN:644,(anonymous_50)
FN:674,(anonymous_51)
FN:677,(anonymous_52)
FN:717,(anonymous_53)
FN:733,(anonymous_54)
FN:811,(anonymous_55)
FN:829,(anonymous_56)
FN:836,(anonymous_57)
FN:853,(anonymous_58)
FN:860,(anonymous_59)
FN:883,(anonymous_60)
FN:902,(anonymous_61)
FN:909,(anonymous_62)
FN:939,(anonymous_63)
FN:946,(anonymous_64)
FN:955,(anonymous_65)
FN:970,(anonymous_66)
FN:1046,(anonymous_67)
FN:1243,(anonymous_68)
FN:1325,(anonymous_69)
FN:1335,(anonymous_70)
FN:1405,(anonymous_71)
FN:1418,(anonymous_72)
FN:1437,(anonymous_73)
FN:1454,(anonymous_74)
FN:1458,(anonymous_75)
FN:1467,(anonymous_76)
FN:1485,(anonymous_77)
FN:1532,(anonymous_78)
FN:1549,(anonymous_79)
FN:1568,(anonymous_80)
FN:1631,(anonymous_81)
FN:1764,(anonymous_82)
FN:1783,(anonymous_83)
FN:1804,(anonymous_84)
FN:1825,(anonymous_85)
FN:1845,(anonymous_86)
FN:1858,(anonymous_87)
FN:1922,(anonymous_88)
FN:1934,(anonymous_89)
FN:1936,(anonymous_90)
FN:1938,(anonymous_91)
FN:1951,(anonymous_92)
FN:1961,(anonymous_93)
FN:2033,(anonymous_94)
FN:2034,(anonymous_95)
FN:2035,(anonymous_96)
FN:2041,(anonymous_97)
FN:2050,(anonymous_98)
FN:2053,(anonymous_99)
FN:2061,(anonymous_100)
FN:2071,(anonymous_101)
FN:2102,(anonymous_102)
FN:2107,(anonymous_103)
FN:2110,(anonymous_104)
FN:2113,(anonymous_105)
FN:2134,(anonymous_106)
FN:2137,(anonymous_107)
FN:2141,(anonymous_108)
FN:2153,(anonymous_109)
FN:2176,(anonymous_110)
FN:2197,(anonymous_111)
FN:2198,(anonymous_112)
FN:2215,(anonymous_113)
FN:2227,(anonymous_114)
FN:2287,(anonymous_115)
FN:2325,(anonymous_116)
FN:2327,(anonymous_117)
FN:2340,(anonymous_118)
FN:2347,(anonymous_119)
FN:2375,(anonymous_120)
FN:2377,(anonymous_121)
FN:2398,(anonymous_122)
FN:2404,(anonymous_123)
FN:2425,(anonymous_124)
FN:2439,(anonymous_125)
FN:2461,(anonymous_126)
FN:2496,(anonymous_127)
FN:2514,(anonymous_128)
FN:2545,(anonymous_129)
FN:2548,(anonymous_130)
FN:2602,(anonymous_131)
FN:2603,(anonymous_132)
FN:2669,(anonymous_133)
FN:2682,(anonymous_134)
FN:2711,(anonymous_135)
FN:2741,(anonymous_136)
FN:2742,(anonymous_137)
FN:2793,(anonymous_138)
FN:2795,(anonymous_139)
FN:2811,(anonymous_140)
FN:2880,(anonymous_141)
FN:2941,(anonymous_142)
FN:2942,(anonymous_143)
FN:2992,(anonymous_144)
FN:2998,(anonymous_145)
FN:3028,(anonymous_146)
FN:3099,(anonymous_147)
FN:3116,(anonymous_148)
FN:3154,(anonymous_149)
FN:3189,(anonymous_150)
FN:3487,(anonymous_151)
FN:3554,(anonymous_152)
FN:3559,(anonymous_153)
FN:3564,(anonymous_154)
FN:3573,(anonymous_155)
FN:3578,(anonymous_156)
FN:3585,(anonymous_157)
FN:3594,(anonymous_158)
FN:3666,(anonymous_159)
FN:3687,(anonymous_160)
FN:3709,(anonymous_161)
FN:3718,(anonymous_162)
FN:3721,(anonymous_163)
FN:3725,(anonymous_164)
FN:3729,(anonymous_165)
FN:3731,(anonymous_166)
FN:3737,(anonymous_167)
FN:3749,(anonymous_168)
FN:3753,(anonymous_169)
FN:3755,(anonymous_170)
FN:3757,(anonymous_171)
FN:3775,(anonymous_172)
FN:3784,(anonymous_173)
FN:3790,(anonymous_174)
FN:3792,(anonymous_175)
FN:3793,(anonymous_176)
FN:3795,(anonymous_177)
FN:3795,(anonymous_178)
FN:3807,(anonymous_179)
FN:3808,(anonymous_180)
FN:3821,(anonymous_181)
FN:3889,(anonymous_182)
FN:3929,(anonymous_183)
FN:3947,(anonymous_184)
FN:3955,(anonymous_185)
FN:3980,(anonymous_186)
FN:4002,(anonymous_187)
FN:4015,(anonymous_188)
FN:4024,(anonymous_189)
FN:4035,(anonymous_190)
FN:4062,(anonymous_191)
FN:4075,(anonymous_192)
FN:4079,(anonymous_193)
FN:4131,(anonymous_194)
FN:4145,(anonymous_195)
FN:4146,(anonymous_196)
FN:4159,(anonymous_197)
FN:4161,(anonymous_198)
FN:4164,(anonymous_199)
FN:4164,(anonymous_200)
FN:4178,(anonymous_201)
FN:4196,(anonymous_202)
FN:4209,(anonymous_203)
FN:4216,(anonymous_204)
FN:4221,(anonymous_205)
FN:4229,(anonymous_206)
FN:4272,(anonymous_207)
FN:4305,(anonymous_208)
FN:4312,(anonymous_209)
FN:4315,(anonymous_210)
FN:4332,(anonymous_211)
FN:4342,(anonymous_212)
FN:4355,(anonymous_213)
FN:4356,(anonymous_214)
FN:4369,(anonymous_215)
FN:4377,(anonymous_216)
FN:4381,(anonymous_217)
FN:4383,(anonymous_218)
FN:4396,(anonymous_219)
FN:4437,(anonymous_220)
FN:4481,(anonymous_221)
FN:4521,(anonymous_222)
FN:4524,(anonymous_223)
FN:4588,(anonymous_224)
FN:4665,(anonymous_225)
FN:4858,(anonymous_226)
FN:5085,(anonymous_227)
FN:5109,(anonymous_228)
FN:5110,(anonymous_229)
FN:5114,(anonymous_230)
FN:5117,(anonymous_231)
FN:5152,(anonymous_232)
FN:5153,(anonymous_233)
FN:5157,(anonymous_234)
FN:5160,(anonymous_235)
FN:5188,(anonymous_236)
FN:5189,(anonymous_237)
FN:5194,(anonymous_238)
FN:5195,(anonymous_239)
FN:5199,(anonymous_240)
FN:5221,(anonymous_241)
FN:5247,(anonymous_242)
FN:5256,(anonymous_243)
FN:5561,(anonymous_244)
FN:5602,(anonymous_245)
FN:5699,(anonymous_246)
FN:5700,(anonymous_247)
FN:5725,(anonymous_248)
FN:5732,(anonymous_249)
FN:5740,(anonymous_250)
FN:5748,(anonymous_251)
FN:5893,(anonymous_252)
FN:5929,(anonymous_253)
FN:5932,(anonymous_254)
FN:5954,(anonymous_255)
FN:5968,(anonymous_256)
FN:5981,(anonymous_257)
FN:5982,(anonymous_258)
FN:5993,(anonymous_259)
FN:6076,(anonymous_260)
FN:6088,(anonymous_261)
FN:6125,(anonymous_262)
FN:6216,(anonymous_263)
FN:6223,(anonymous_264)
FN:6383,(anonymous_265)
FN:6520,(anonymous_266)
FN:6665,(anonymous_267)
FN:6666,(anonymous_268)
FN:6766,(anonymous_269)
FN:6773,(anonymous_270)
FN:6782,(anonymous_271)
FNF:262
FNH:0
FNDA:0,(anonymous_10)
FNDA:0,(anonymous_11)
FNDA:0,(anonymous_12)
FNDA:0,(anonymous_13)
FNDA:0,(anonymous_14)
FNDA:0,(anonymous_15)
FNDA:0,(anonymous_16)
FNDA:0,(anonymous_17)
FNDA:0,(anonymous_18)
FNDA:0,(anonymous_19)
FNDA:0,(anonymous_20)
FNDA:0,(anonymous_21)
FNDA:0,(anonymous_22)
FNDA:0,(anonymous_23)
FNDA:0,(anonymous_24)
FNDA:0,(anonymous_25)
FNDA:0,(anonymous_26)
FNDA:0,(anonymous_27)
FNDA:0,(anonymous_28)
FNDA:0,(anonymous_29)
FNDA:0,(anonymous_30)
FNDA:0,(anonymous_31)
FNDA:0,(anonymous_32)
FNDA:0,(anonymous_33)
FNDA:0,(anonymous_34)
FNDA:0,(anonymous_35)
FNDA:0,(anonymous_36)
FNDA:0,(anonymous_37)
FNDA:0,(anonymous_38)
FNDA:0,(anonymous_39)
FNDA:0,(anonymous_40)
FNDA:0,(anonymous_41)
FNDA:0,(anonymous_42)
FNDA:0,(anonymous_43)
FNDA:0,(anonymous_44)
FNDA:0,(anonymous_45)
FNDA:0,(anonymous_46)
FNDA:0,(anonymous_47)
FNDA:0,(anonymous_48)
FNDA:0,(anonymous_49)
FNDA:0,(anonymous_50)
FNDA:0,(anonymous_51)
FNDA:0,(anonymous_52)
FNDA:0,(anonymous_53)
FNDA:0,(anonymous_54)
FNDA:0,(anonymous_55)
FNDA:0,(anonymous_56)
FNDA:0,(anonymous_57)
FNDA:0,(anonymous_58)
FNDA:0,(anonymous_59)
FNDA:0,(anonymous_60)
FNDA:0,(anonymous_61)
FNDA:0,(anonymous_62)
FNDA:0,(anonymous_63)
FNDA:0,(anonymous_64)
FNDA:0,(anonymous_65)
FNDA:0,(anonymous_66)
FNDA:0,(anonymous_67)
FNDA:0,(anonymous_68)
FNDA:0,(anonymous_69)
FNDA:0,(anonymous_70)
FNDA:0,(anonymous_71)
FNDA:0,(anonymous_72)
FNDA:0,(anonymous_73)
FNDA:0,(anonymous_74)
FNDA:0,(anonymous_75)
FNDA:0,(anonymous_76)
FNDA:0,(anonymous_77)
FNDA:0,(anonymous_78)
FNDA:0,(anonymous_79)
FNDA:0,(anonymous_80)
FNDA:0,(anonymous_81)
FNDA:0,(anonymous_82)
FNDA:0,(anonymous_83)
FNDA:0,(anonymous_84)
FNDA:0,(anonymous_85)
FNDA:0,(anonymous_86)
FNDA:0,(anonymous_87)
FNDA:0,(anonymous_88)
FNDA:0,(anonymous_89)
FNDA:0,(anonymous_90)
FNDA:0,(anonymous_91)
FNDA:0,(anonymous_92)
FNDA:0,(anonymous_93)
FNDA:0,(anonymous_94)
FNDA:0,(anonymous_95)
FNDA:0,(anonymous_96)
FNDA:0,(anonymous_97)
FNDA:0,(anonymous_98)
FNDA:0,(anonymous_99)
FNDA:0,(anonymous_100)
FNDA:0,(anonymous_101)
FNDA:0,(anonymous_102)
FNDA:0,(anonymous_103)
FNDA:0,(anonymous_104)
FNDA:0,(anonymous_105)
FNDA:0,(anonymous_106)
FNDA:0,(anonymous_107)
FNDA:0,(anonymous_108)
FNDA:0,(anonymous_109)
FNDA:0,(anonymous_110)
FNDA:0,(anonymous_111)
FNDA:0,(anonymous_112)
FNDA:0,(anonymous_113)
FNDA:0,(anonymous_114)
FNDA:0,(anonymous_115)
FNDA:0,(anonymous_116)
FNDA:0,(anonymous_117)
FNDA:0,(anonymous_118)
FNDA:0,(anonymous_119)
FNDA:0,(anonymous_120)
FNDA:0,(anonymous_121)
FNDA:0,(anonymous_122)
FNDA:0,(anonymous_123)
FNDA:0,(anonymous_124)
FNDA:0,(anonymous_125)
FNDA:0,(anonymous_126)
FNDA:0,(anonymous_127)
FNDA:0,(anonymous_128)
FNDA:0,(anonymous_129)
FNDA:0,(anonymous_130)
FNDA:0,(anonymous_131)
FNDA:0,(anonymous_132)
FNDA:0,(anonymous_133)
FNDA:0,(anonymous_134)
FNDA:0,(anonymous_135)
FNDA:0,(anonymous_136)
FNDA:0,(anonymous_137)
FNDA:0,(anonymous_138)
FNDA:0,(anonymous_139)
FNDA:0,(anonymous_140)
FNDA:0,(anonymous_141)
FNDA:0,(anonymous_142)
FNDA:0,(anonymous_143)
FNDA:0,(anonymous_144)
FNDA:0,(anonymous_145)
FNDA:0,(anonymous_146)
FNDA:0,(anonymous_147)
FNDA:0,(anonymous_148)
FNDA:0,(anonymous_149)
FNDA:0,(anonymous_150)
FNDA:0,(anonymous_151)
FNDA:0,(anonymous_152)
FNDA:0,(anonymous_153)
FNDA:0,(anonymous_154)
FNDA:0,(anonymous_155)
FNDA:0,(anonymous_156)
FNDA:0,(anonymous_157)
FNDA:0,(anonymous_158)
FNDA:0,(anonymous_159)
FNDA:0,(anonymous_160)
FNDA:0,(anonymous_161)
FNDA:0,(anonymous_162)
FNDA:0,(anonymous_163)
FNDA:0,(anonymous_164)
FNDA:0,(anonymous_165)
FNDA:0,(anonymous_166)
FNDA:0,(anonymous_167)
FNDA:0,(anonymous_168)
FNDA:0,(anonymous_169)
FNDA:0,(anonymous_170)
FNDA:0,(anonymous_171)
FNDA:0,(anonymous_172)
FNDA:0,(anonymous_173)
FNDA:0,(anonymous_174)
FNDA:0,(anonymous_175)
FNDA:0,(anonymous_176)
FNDA:0,(anonymous_177)
FNDA:0,(anonymous_178)
FNDA:0,(anonymous_179)
FNDA:0,(anonymous_180)
FNDA:0,(anonymous_181)
FNDA:0,(anonymous_182)
FNDA:0,(anonymous_183)
FNDA:0,(anonymous_184)
FNDA:0,(anonymous_185)
FNDA:0,(anonymous_186)
FNDA:0,(anonymous_187)
FNDA:0,(anonymous_188)
FNDA:0,(anonymous_189)
FNDA:0,(anonymous_190)
FNDA:0,(anonymous_191)
FNDA:0,(anonymous_192)
FNDA:0,(anonymous_193)
FNDA:0,(anonymous_194)
FNDA:0,(anonymous_195)
FNDA:0,(anonymous_196)
FNDA:0,(anonymous_197)
FNDA:0,(anonymous_198)
FNDA:0,(anonymous_199)
FNDA:0,(anonymous_200)
FNDA:0,(anonymous_201)
FNDA:0,(anonymous_202)
FNDA:0,(anonymous_203)
FNDA:0,(anonymous_204)
FNDA:0,(anonymous_205)
FNDA:0,(anonymous_206)
FNDA:0,(anonymous_207)
FNDA:0,(anonymous_208)
FNDA:0,(anonymous_209)
FNDA:0,(anonymous_210)
FNDA:0,(anonymous_211)
FNDA:0,(anonymous_212)
FNDA:0,(anonymous_213)
FNDA:0,(anonymous_214)
FNDA:0,(anonymous_215)
FNDA:0,(anonymous_216)
FNDA:0,(anonymous_217)
FNDA:0,(anonymous_218)
FNDA:0,(anonymous_219)
FNDA:0,(anonymous_220)
FNDA:0,(anonymous_221)
FNDA:0,(anonymous_222)
FNDA:0,(anonymous_223)
FNDA:0,(anonymous_224)
FNDA:0,(anonymous_225)
FNDA:0,(anonymous_226)
FNDA:0,(anonymous_227)
FNDA:0,(anonymous_228)
FNDA:0,(anonymous_229)
FNDA:0,(anonymous_230)
FNDA:0,(anonymous_231)
FNDA:0,(anonymous_232)
FNDA:0,(anonymous_233)
FNDA:0,(anonymous_234)
FNDA:0,(anonymous_235)
FNDA:0,(anonymous_236)
FNDA:0,(anonymous_237)
FNDA:0,(anonymous_238)
FNDA:0,(anonymous_239)
FNDA:0,(anonymous_240)
FNDA:0,(anonymous_241)
FNDA:0,(anonymous_242)
FNDA:0,(anonymous_243)
FNDA:0,(anonymous_244)
FNDA:0,(anonymous_245)
FNDA:0,(anonymous_246)
FNDA:0,(anonymous_247)
FNDA:0,(anonymous_248)
FNDA:0,(anonymous_249)
FNDA:0,(anonymous_250)
FNDA:0,(anonymous_251)
FNDA:0,(anonymous_252)
FNDA:0,(anonymous_253)
FNDA:0,(anonymous_254)
FNDA:0,(anonymous_255)
FNDA:0,(anonymous_256)
FNDA:0,(anonymous_257)
FNDA:0,(anonymous_258)
FNDA:0,(anonymous_259)
FNDA:0,(anonymous_260)
FNDA:0,(anonymous_261)
FNDA:0,(anonymous_262)
FNDA:0,(anonymous_263)
FNDA:0,(anonymous_264)
FNDA:0,(anonymous_265)
FNDA:0,(anonymous_266)
FNDA:0,(anonymous_267)
FNDA:0,(anonymous_268)
FNDA:0,(anonymous_269)
FNDA:0,(anonymous_270)
FNDA:0,(anonymous_271)
DA:2,0
DA:3,0
DA:4,0
DA:5,0
DA:6,0
DA:7,0
DA:8,0
DA:9,0
DA:10,0
DA:11,0
DA:12,0
DA:13,0
DA:14,0
DA:15,0
DA:16,0
DA:17,0
DA:18,0
DA:19,0
DA:20,0
DA:22,0
DA:23,0
DA:25,0
DA:26,0
DA:27,0
DA:29,0
DA:38,0
DA:39,0
DA:40,0
DA:41,0
DA:42,0
DA:43,0
DA:44,0
DA:45,0
DA:46,0
DA:47,0
DA:50,0
DA:72,0
DA:73,0
DA:74,0
DA:77,0
DA:78,0
DA:79,0
DA:82,0
DA:83,0
DA:88,0
DA:89,0
DA:90,0
DA:92,0
DA:96,0
DA:97,0
DA:98,0
DA:99,0
DA:100,0
DA:101,0
DA:102,0
DA:103,0
DA:105,0
DA:110,0
DA:111,0
DA:112,0
DA:114,0
DA:118,0
DA:119,0
DA:129,0
DA:133,0
DA:134,0
DA:143,0
DA:147,0
DA:148,0
DA:155,0
DA:159,0
DA:161,0
DA:163,0
DA:164,0
DA:165,0
DA:173,0
DA:174,0
DA:176,0
DA:177,0
DA:178,0
DA:180,0
DA:181,0
DA:182,0
DA:185,0
DA:186,0
DA:194,0
DA:198,0
DA:202,0
DA:211,0
DA:215,0
DA:216,0
DA:228,0
DA:232,0
DA:233,0
DA:241,0
DA:245,0
DA:246,0
DA:247,0
DA:249,0
DA:253,0
DA:254,0
DA:255,0
DA:257,0
DA:261,0
DA:262,0
DA:263,0
DA:265,0
DA:275,0
DA:276,0
DA:277,0
DA:279,0
DA:280,0
DA:281,0
DA:282,0
DA:284,0
DA:285,0
DA:287,0
DA:298,0
DA:306,0
DA:307,0
DA:309,0
DA:310,0
DA:311,0
DA:312,0
DA:316,0
DA:317,0
DA:318,0
DA:321,0
DA:322,0
DA:325,0
DA:326,0
DA:328,0
DA:329,0
DA:330,0
DA:331,0
DA:332,0
DA:336,0
DA:337,0
DA:339,0
DA:340,0
DA:342,0
DA:343,0
DA:345,0
DA:346,0
DA:348,0
DA:352,0
DA:353,0
DA:355,0
DA:358,0
DA:361,0
DA:362,0
DA:376,0
DA:377,0
DA:380,0
DA:382,0
DA:388,0
DA:399,0
DA:400,0
DA:402,0
DA:404,0
DA:405,0
DA:406,0
DA:407,0
DA:409,0
DA:411,0
DA:412,0
DA:413,0
DA:415,0
DA:416,0
DA:418,0
DA:419,0
DA:422,0
DA:425,0
DA:428,0
DA:429,0
DA:430,0
DA:431,0
DA:438,0
DA:440,0
DA:441,0
DA:444,0
DA:445,0
DA:448,0
DA:449,0
DA:450,0
DA:451,0
DA:452,0
DA:464,0
DA:471,0
DA:472,0
DA:473,0
DA:484,0
DA:490,0
DA:498,0
DA:505,0
DA:507,0
DA:517,0
DA:518,0
DA:524,0
DA:530,0
DA:537,0
DA:541,0
DA:548,0
DA:559,0
DA:560,0
DA:562,0
DA:564,0
DA:569,0
DA:570,0
DA:571,0
DA:574,0
DA:576,0
DA:577,0
DA:578,0
DA:579,0
DA:582,0
DA:587,0
DA:588,0
DA:591,0
DA:592,0
DA:595,0
DA:596,0
DA:597,0
DA:598,0
DA:605,0
DA:607,0
DA:608,0
DA:611,0
DA:613,0
DA:626,0
DA:635,0
DA:640,0
DA:641,0
DA:645,0
DA:649,0
DA:650,0
DA:652,0
DA:653,0
DA:654,0
DA:657,0
DA:662,0
DA:664,0
DA:665,0
DA:666,0
DA:667,0
DA:674,0
DA:678,0
DA:679,0
DA:680,0
DA:682,0
DA:683,0
DA:685,0
DA:686,0
DA:690,0
DA:691,0
DA:692,0
DA:693,0
DA:694,0
DA:697,0
DA:698,0
DA:700,0
DA:701,0
DA:703,0
DA:706,0
DA:707,0
DA:708,0
DA:710,0
DA:711,0
DA:712,0
DA:713,0
DA:716,0
DA:717,0
DA:719,0
DA:722,0
DA:726,0
DA:728,0
DA:729,0
DA:731,0
DA:732,0
DA:733,0
DA:734,0
DA:735,0
DA:742,0
DA:744,0
DA:747,0
DA:748,0
DA:749,0
DA:753,0
DA:754,0
DA:756,0
DA:771,0
DA:772,0
DA:773,0
DA:785,0
DA:786,0
DA:795,0
DA:796,0
DA:804,0
DA:812,0
DA:814,0
DA:815,0
DA:816,0
DA:817,0
DA:820,0
DA:826,0
DA:827,0
DA:828,0
DA:829,0
DA:831,0
DA:832,0
DA:837,0
DA:839,0
DA:840,0
DA:841,0
DA:842,0
DA:845,0
DA:851,0
DA:852,0
DA:853,0
DA:855,0
DA:856,0
DA:861,0
DA:862,0
DA:868,0
DA:869,0
DA:870,0
DA:871,0
DA:878,0
DA:879,0
DA:884,0
DA:886,0
DA:887,0
DA:889,0
DA:900,0
DA:901,0
DA:902,0
DA:904,0
DA:905,0
DA:910,0
DA:912,0
DA:913,0
DA:914,0
DA:915,0
DA:918,0
DA:924,0
DA:925,0
DA:928,0
DA:929,0
DA:930,0
DA:931,0
DA:938,0
DA:939,0
DA:941,0
DA:942,0
DA:947,0
DA:948,0
DA:951,0
DA:952,0
DA:954,0
DA:955,0
DA:958,0
DA:959,0
DA:960,0
DA:961,0
DA:963,0
DA:966,0
DA:969,0
DA:970,0
DA:972,0
DA:974,0
DA:975,0
DA:976,0
DA:978,0
DA:979,0
DA:980,0
DA:983,0
DA:984,0
DA:991,0
DA:993,0
DA:999,0
DA:1004,0
DA:1005,0
DA:1006,0
DA:1009,0
DA:1010,0
DA:1014,0
DA:1015,0
DA:1016,0
DA:1018,0
DA:1019,0
DA:1024,0
DA:1025,0
DA:1026,0
DA:1027,0
DA:1028,0
DA:1030,0
DA:1031,0
DA:1037,0
DA:1038,0
DA:1039,0
DA:1040,0
DA:1042,0
DA:1045,0
DA:1046,0
DA:1047,0
DA:1049,0
DA:1050,0
DA:1052,0
DA:1053,0
DA:1054,0
DA:1056,0
DA:1057,0
DA:1066,0
DA:1074,0
DA:1078,0
DA:1079,0
DA:1080,0
DA:1082,0
DA:1083,0
DA:1088,0
DA:1089,0
DA:1096,0
DA:1098,0
DA:1099,0
DA:1103,0
DA:1104,0
DA:1111,0
DA:1113,0
DA:1114,0
DA:1119,0
DA:1120,0
DA:1129,0
DA:1131,0
DA:1132,0
DA:1137,0
DA:1138,0
DA:1139,0
DA:1140,0
DA:1142,0
DA:1143,0
DA:1145,0
DA:1150,0
DA:1151,0
DA:1152,0
DA:1153,0
DA:1155,0
DA:1158,0
DA:1159,0
DA:1161,0
DA:1167,0
DA:1172,0
DA:1173,0
DA:1174,0
DA:1175,0
DA:1177,0
DA:1180,0
DA:1181,0
DA:1186,0
DA:1188,0
DA:1193,0
DA:1194,0
DA:1195,0
DA:1196,0
DA:1198,0
DA:1203,0
DA:1204,0
DA:1205,0
DA:1206,0
DA:1208,0
DA:1213,0
DA:1214,0
DA:1215,0
DA:1216,0
DA:1218,0
DA:1223,0
DA:1224,0
DA:1225,0
DA:1226,0
DA:1228,0
DA:1232,0
DA:1233,0
DA:1234,0
DA:1235,0
DA:1237,0
DA:1241,0
DA:1242,0
DA:1243,0
DA:1244,0
DA:1245,0
DA:1246,0
DA:1250,0
DA:1253,0
DA:1317,0
DA:1319,0
DA:1321,0
DA:1326,0
DA:1327,0
DA:1328,0
DA:1329,0
DA:1331,0
DA:1336,0
DA:1337,0
DA:1338,0
DA:1339,0
DA:1342,0
DA:1350,0
DA:1351,0
DA:1352,0
DA:1354,0
DA:1357,0
DA:1404,0
DA:1405,0
DA:1413,0
DA:1414,0
DA:1419,0
DA:1422,0
DA:1423,0
DA:1425,0
DA:1426,0
DA:1428,0
DA:1431,0
DA:1432,0
DA:1434,0
DA:1454,0
DA:1455,0
DA:1457,0
DA:1459,0
DA:1460,0
DA:1461,0
DA:1467,0
DA:1468,0
DA:1469,0
DA:1470,0
DA:1471,0
DA:1472,0
DA:1473,0
DA:1486,0
DA:1487,0
DA:1488,0
DA:1489,0
DA:1491,0
DA:1492,0
DA:1496,0
DA:1497,0
DA:1498,0
DA:1502,0
DA:1503,0
DA:1504,0
DA:1505,0
DA:1506,0
DA:1508,0
DA:1509,0
DA:1513,0
DA:1514,0
DA:1515,0
DA:1516,0
DA:1518,0
DA:1519,0
DA:1520,0
DA:1521,0
DA:1523,0
DA:1533,0
DA:1534,0
DA:1535,0
DA:1538,0
DA:1539,0
DA:1545,0
DA:1546,0
DA:1550,0
DA:1551,0
DA:1552,0
DA:1553,0
DA:1554,0
DA:1556,0
DA:1561,0
DA:1564,0
DA:1569,0
DA:1570,0
DA:1571,0
DA:1573,0
DA:1574,0
DA:1577,0
DA:1578,0
DA:1579,0
DA:1580,0
DA:1581,0
DA:1583,0
DA:1584,0
DA:1588,0
DA:1589,0
DA:1590,0
DA:1591,0
DA:1595,0
DA:1596,0
DA:1597,0
DA:1600,0
DA:1619,0
DA:1621,0
DA:1622,0
DA:1641,0
DA:1642,0
DA:1643,0
DA:1646,0
DA:1650,0
DA:1651,0
DA:1652,0
DA:1653,0
DA:1655,0
DA:1657,0
DA:1658,0
DA:1659,0
DA:1660,0
DA:1661,0
DA:1663,0
DA:1668,0
DA:1669,0
DA:1673,0
DA:1674,0
DA:1677,0
DA:1678,0
DA:1680,0
DA:1684,0
DA:1685,0
DA:1686,0
DA:1697,0
DA:1707,0
DA:1708,0
DA:1709,0
DA:1718,0
DA:1722,0
DA:1723,0
DA:1724,0
DA:1726,0
DA:1741,0
DA:1742,0
DA:1743,0
DA:1752,0
DA:1757,0
DA:1758,0
DA:1762,0
DA:1763,0
DA:1764,0
DA:1767,0
DA:1768,0
DA:1779,0
DA:1784,0
DA:1785,0
DA:1786,0
DA:1787,0
DA:1790,0
DA:1796,0
DA:1801,0
DA:1805,0
DA:1808,0
DA:1809,0
DA:1811,0
DA:1814,0
DA:1822,0
DA:1826,0
DA:1827,0
DA:1828,0
DA:1831,0
DA:1837,0
DA:1842,0
DA:1846,0
DA:1847,0
DA:1855,0
DA:1859,0
DA:1860,0
DA:1864,0
DA:1869,0
DA:1870,0
DA:1872,0
DA:1873,0
DA:1877,0
DA:1878,0
DA:1883,0
DA:1885,0
DA:1886,0
DA:1896,0
DA:1899,0
DA:1902,0
DA:1903,0
DA:1911,0
DA:1912,0
DA:1923,0
DA:1926,0
DA:1927,0
DA:1928,0
DA:1931,0
DA:1932,0
DA:1933,0
DA:1934,0
DA:1936,0
DA:1937,0
DA:1938,0
DA:1939,0
DA:1940,0
DA:1943,0
DA:1944,0
DA:1951,0
DA:1953,0
DA:1960,0
DA:1961,0
DA:1964,0
DA:1965,0
DA:1966,0
DA:1969,0
DA:1970,0
DA:1971,0
DA:1972,0
DA:1974,0
DA:1975,0
DA:1976,0
DA:1978,0
DA:1979,0
DA:1980,0
DA:1981,0
DA:1982,0
DA:1983,0
DA:1984,0
DA:1986,0
DA:1989,0
DA:1990,0
DA:1991,0
DA:1994,0
DA:1995,0
DA:1998,0
DA:1999,0
DA:2000,0
DA:2001,0
DA:2002,0
DA:2003,0
DA:2005,0
DA:2006,0
DA:2007,0
DA:2008,0
DA:2011,0
DA:2014,0
DA:2015,0
DA:2016,0
DA:2018,0
DA:2019,0
DA:2020,0
DA:2022,0
DA:2023,0
DA:2024,0
DA:2025,0
DA:2028,0
DA:2029,0
DA:2032,0
DA:2033,0
DA:2034,0
DA:2035,0
DA:2037,0
DA:2038,0
DA:2041,0
DA:2042,0
DA:2049,0
DA:2050,0
DA:2052,0
DA:2054,0
DA:2055,0
DA:2057,0
DA:2059,0
DA:2061,0
DA:2063,0
DA:2077,0
DA:2079,0
DA:2080,0
DA:2081,0
DA:2082,0
DA:2085,0
DA:2090,0
DA:2092,0
DA:2093,0
DA:2094,0
DA:2097,0
DA:2100,0
DA:2101,0
DA:2102,0
DA:2104,0
DA:2107,0
DA:2109,0
DA:2110,0
DA:2113,0
DA:2114,0
DA:2115,0
DA:2116,0
DA:2118,0
DA:2133,0
DA:2134,0
DA:2136,0
DA:2137,0
DA:2141,0
DA:2144,0
DA:2153,0
DA:2154,0
DA:2155,0
DA:2157,0
DA:2161,0
DA:2177,0
DA:2178,0
DA:2179,0
DA:2180,0
DA:2182,0
DA:2184,0
DA:2185,0
DA:2186,0
DA:2187,0
DA:2191,0
DA:2196,0
DA:2197,0
DA:2198,0
DA:2202,0
DA:2204,0
DA:2205,0
DA:2206,0
DA:2210,0
DA:2211,0
DA:2212,0
DA:2215,0
DA:2217,0
DA:2223,0
DA:2226,0
DA:2227,0
DA:2228,0
DA:2229,0
DA:2236,0
DA:2238,0
DA:2239,0
DA:2242,0
DA:2243,0
DA:2248,0
DA:2250,0
DA:2252,0
DA:2254,0
DA:2255,0
DA:2256,0
DA:2258,0
DA:2260,0
DA:2265,0
DA:2268,0
DA:2269,0
DA:2270,0
DA:2272,0
DA:2286,0
DA:2287,0
DA:2288,0
DA:2289,0
DA:2294,0
DA:2296,0
DA:2297,0
DA:2304,0
DA:2305,0
DA:2306,0
DA:2315,0
DA:2318,0
DA:2322,0
DA:2326,0
DA:2327,0
DA:2328,0
DA:2340,0
DA:2343,0
DA:2345,0
DA:2347,0
DA:2348,0
DA:2360,0
DA:2361,0
DA:2362,0
DA:2363,0
DA:2364,0
DA:2366,0
DA:2367,0
DA:2368,0
DA:2371,0
DA:2374,0
DA:2375,0
DA:2377,0
DA:2378,0
DA:2379,0
DA:2380,0
DA:2382,0
DA:2383,0
DA:2388,0
DA:2391,0
DA:2393,0
DA:2398,0
DA:2400,0
DA:2401,0
DA:2403,0
DA:2405,0
DA:2406,0
DA:2407,0
DA:2408,0
DA:2409,0
DA:2410,0
DA:2411,0
DA:2412,0
DA:2435,0
DA:2440,0
DA:2441,0
DA:2442,0
DA:2443,0
DA:2445,0
DA:2446,0
DA:2450,0
DA:2451,0
DA:2452,0
DA:2456,0
DA:2457,0
DA:2458,0
DA:2459,0
DA:2461,0
DA:2462,0
DA:2463,0
DA:2469,0
DA:2470,0
DA:2472,0
DA:2473,0
DA:2474,0
DA:2475,0
DA:2478,0
DA:2484,0
DA:2485,0
DA:2486,0
DA:2490,0
DA:2492,0
DA:2497,0
DA:2498,0
DA:2499,0
DA:2510,0
DA:2511,0
DA:2527,0
DA:2528,0
DA:2530,0
DA:2531,0
DA:2536,0
DA:2537,0
DA:2538,0
DA:2540,0
DA:2541,0
DA:2542,0
DA:2543,0
DA:2545,0
DA:2546,0
DA:2547,0
DA:2548,0
DA:2551,0
DA:2552,0
DA:2554,0
DA:2557,0
DA:2560,0
DA:2563,0
DA:2565,0
DA:2566,0
DA:2568,0
DA:2569,0
DA:2570,0
DA:2571,0
DA:2573,0
DA:2574,0
DA:2575,0
DA:2576,0
DA:2577,0
DA:2579,0
DA:2584,0
DA:2585,0
DA:2586,0
DA:2590,0
DA:2592,0
DA:2593,0
DA:2594,0
DA:2596,0
DA:2598,0
DA:2599,0
DA:2600,0
DA:2602,0
DA:2603,0
DA:2604,0
DA:2606,0
DA:2610,0
DA:2611,0
DA:2613,0
DA:2616,0
DA:2617,0
DA:2619,0
DA:2620,0
DA:2621,0
DA:2622,0
DA:2623,0
DA:2625,0
DA:2626,0
DA:2627,0
DA:2632,0
DA:2634,0
DA:2635,0
DA:2637,0
DA:2638,0
DA:2639,0
DA:2641,0
DA:2648,0
DA:2649,0
DA:2650,0
DA:2651,0
DA:2655,0
DA:2665,0
DA:2670,0
DA:2671,0
DA:2672,0
DA:2674,0
DA:2678,0
DA:2679,0
DA:2682,0
DA:2684,0
DA:2691,0
DA:2693,0
DA:2694,0
DA:2697,0
DA:2704,0
DA:2706,0
DA:2707,0
DA:2712,0
DA:2713,0
DA:2714,0
DA:2715,0
DA:2716,0
DA:2718,0
DA:2720,0
DA:2721,0
DA:2723,0
DA:2724,0
DA:2727,0
DA:2730,0
DA:2731,0
DA:2733,0
DA:2739,0
DA:2741,0
DA:2742,0
DA:2745,0
DA:2747,0
DA:2748,0
DA:2749,0
DA:2750,0
DA:2751,0
DA:2752,0
DA:2756,0
DA:2762,0
DA:2764,0
DA:2765,0
DA:2766,0
DA:2770,0
DA:2771,0
DA:2774,0
DA:2775,0
DA:2778,0
DA:2784,0
DA:2786,0
DA:2787,0
DA:2789,0
DA:2794,0
DA:2795,0
DA:2796,0
DA:2797,0
DA:2804,0
DA:2806,0
DA:2807,0
DA:2812,0
DA:2813,0
DA:2814,0
DA:2817,0
DA:2818,0
DA:2819,0
DA:2820,0
DA:2823,0
DA:2826,0
DA:2827,0
DA:2828,0
DA:2830,0
DA:2833,0
DA:2834,0
DA:2842,0
DA:2843,0
DA:2844,0
DA:2845,0
DA:2847,0
DA:2849,0
DA:2850,0
DA:2852,0
DA:2855,0
DA:2856,0
DA:2865,0
DA:2866,0
DA:2867,0
DA:2885,0
DA:2886,0
DA:2888,0
DA:2889,0
DA:2891,0
DA:2892,0
DA:2894,0
DA:2904,0
DA:2906,0
DA:2910,0
DA:2913,0
DA:2914,0
DA:2915,0
DA:2916,0
DA:2918,0
DA:2921,0
DA:2923,0
DA:2924,0
DA:2933,0
DA:2934,0
DA:2937,0
DA:2939,0
DA:2940,0
DA:2941,0
DA:2942,0
DA:2944,0
DA:2945,0
DA:2948,0
DA:2951,0
DA:2955,0
DA:2957,0
DA:2958,0
DA:2961,0
DA:2965,0
DA:2966,0
DA:2969,0
DA:2975,0
DA:2976,0
DA:2979,0
DA:2982,0
DA:2983,0
DA:2986,0
DA:2987,0
DA:2992,0
DA:2998,0
DA:3008,0
DA:3011,0
DA:3012,0
DA:3014,0
DA:3018,0
DA:3020,0
DA:3025,0
DA:3026,0
DA:3028,0
DA:3031,0
DA:3032,0
DA:3036,0
DA:3038,0
DA:3039,0
DA:3042,0
DA:3048,0
DA:3049,0
DA:3050,0
DA:3051,0
DA:3054,0
DA:3055,0
DA:3062,0
DA:3063,0
DA:3068,0
DA:3073,0
DA:3074,0
DA:3075,0
DA:3076,0
DA:3077,0
DA:3079,0
DA:3083,0
DA:3085,0
DA:3093,0
DA:3094,0
DA:3095,0
DA:3100,0
DA:3102,0
DA:3103,0
DA:3104,0
DA:3106,0
DA:3107,0
DA:3108,0
DA:3109,0
DA:3112,0
DA:3113,0
DA:3117,0
DA:3118,0
DA:3119,0
DA:3120,0
DA:3122,0
DA:3124,0
DA:3125,0
DA:3128,0
DA:3129,0
DA:3140,0
DA:3145,0
DA:3146,0
DA:3148,0
DA:3149,0
DA:3150,0
DA:3155,0
DA:3156,0
DA:3157,0
DA:3158,0
DA:3159,0
DA:3161,0
DA:3162,0
DA:3165,0
DA:3166,0
DA:3175,0
DA:3180,0
DA:3181,0
DA:3183,0
DA:3184,0
DA:3185,0
DA:3195,0
DA:3196,0
DA:3197,0
DA:3198,0
DA:3201,0
DA:3202,0
DA:3203,0
DA:3204,0
DA:3206,0
DA:3207,0
DA:3208,0
DA:3210,0
DA:3211,0
DA:3212,0
DA:3213,0
DA:3215,0
DA:3219,0
DA:3220,0
DA:3223,0
DA:3225,0
DA:3226,0
DA:3227,0
DA:3228,0
DA:3229,0
DA:3231,0
DA:3232,0
DA:3235,0
DA:3236,0
DA:3237,0
DA:3238,0
DA:3239,0
DA:3240,0
DA:3242,0
DA:3249,0
DA:3250,0
DA:3254,0
DA:3257,0
DA:3258,0
DA:3260,0
DA:3261,0
DA:3264,0
DA:3265,0
DA:3266,0
DA:3269,0
DA:3270,0
DA:3271,0
DA:3272,0
DA:3273,0
DA:3274,0
DA:3275,0
DA:3277,0
DA:3278,0
DA:3279,0
DA:3280,0
DA:3281,0
DA:3282,0
DA:3284,0
DA:3292,0
DA:3293,0
DA:3294,0
DA:3298,0
DA:3302,0
DA:3303,0
DA:3304,0
DA:3306,0
DA:3307,0
DA:3308,0
DA:3309,0
DA:3310,0
DA:3311,0
DA:3312,0
DA:3314,0
DA:3321,0
DA:3322,0
DA:3326,0
DA:3329,0
DA:3330,0
DA:3331,0
DA:3333,0
DA:3334,0
DA:3335,0
DA:3339,0
DA:3340,0
DA:3341,0
DA:3342,0
DA:3343,0
DA:3344,0
DA:3349,0
DA:3350,0
DA:3355,0
DA:3356,0
DA:3358,0
DA:3359,0
DA:3362,0
DA:3366,0
DA:3367,0
DA:3370,0
DA:3372,0
DA:3373,0
DA:3374,0
DA:3375,0
DA:3376,0
DA:3378,0
DA:3385,0
DA:3386,0
DA:3390,0
DA:3391,0
DA:3392,0
DA:3395,0
DA:3398,0
DA:3402,0
DA:3406,0
DA:3410,0
DA:3414,0
DA:3415,0
DA:3419,0
DA:3420,0
DA:3421,0
DA:3423,0
DA:3424,0
DA:3425,0
DA:3427,0
DA:3435,0
DA:3436,0
DA:3440,0
DA:3441,0
DA:3442,0
DA:3444,0
DA:3445,0
DA:3446,0
DA:3447,0
DA:3448,0
DA:3450,0
DA:3458,0
DA:3459,0
DA:3463,0
DA:3467,0
DA:3468,0
DA:3470,0
DA:3472,0
DA:3478,0
DA:3479,0
DA:3488,0
DA:3491,0
DA:3495,0
DA:3496,0
DA:3497,0
DA:3501,0
DA:3505,0
DA:3507,0
DA:3508,0
DA:3509,0
DA:3511,0
DA:3512,0
DA:3514,0
DA:3516,0
DA:3517,0
DA:3518,0
DA:3519,0
DA:3520,0
DA:3522,0
DA:3525,0
DA:3526,0
DA:3527,0
DA:3528,0
DA:3529,0
DA:3531,0
DA:3535,0
DA:3536,0
DA:3537,0
DA:3539,0
DA:3540,0
DA:3541,0
DA:3543,0
DA:3554,0
DA:3556,0
DA:3560,0
DA:3561,0
DA:3572,0
DA:3573,0
DA:3574,0
DA:3575,0
DA:3584,0
DA:3585,0
DA:3586,0
DA:3587,0
DA:3601,0
DA:3602,0
DA:3607,0
DA:3608,0
DA:3611,0
DA:3612,0
DA:3619,0
DA:3620,0
DA:3624,0
DA:3625,0
DA:3630,0
DA:3631,0
DA:3638,0
DA:3639,0
DA:3640,0
DA:3649,0
DA:3654,0
DA:3659,0
DA:3666,0
DA:3674,0
DA:3675,0
DA:3697,0
DA:3698,0
DA:3699,0
DA:3700,0
DA:3701,0
DA:3702,0
DA:3704,0
DA:3709,0
DA:3718,0
DA:3719,0
DA:3720,0
DA:3721,0
DA:3723,0
DA:3724,0
DA:3725,0
DA:3727,0
DA:3728,0
DA:3729,0
DA:3730,0
DA:3731,0
DA:3735,0
DA:3737,0
DA:3738,0
DA:3739,0
DA:3740,0
DA:3741,0
DA:3744,0
DA:3747,0
DA:3748,0
DA:3749,0
DA:3751,0
DA:3752,0
DA:3753,0
DA:3754,0
DA:3755,0
DA:3757,0
DA:3768,0
DA:3770,0
DA:3776,0
DA:3777,0
DA:3778,0
DA:3784,0
DA:3785,0
DA:3786,0
DA:3787,0
DA:3789,0
DA:3790,0
DA:3791,0
DA:3792,0
DA:3793,0
DA:3795,0
DA:3796,0
DA:3797,0
DA:3798,0
DA:3799,0
DA:3801,0
DA:3807,0
DA:3808,0
DA:3816,0
DA:3827,0
DA:3828,0
DA:3829,0
DA:3830,0
DA:3834,0
DA:3836,0
DA:3837,0
DA:3838,0
DA:3841,0
DA:3842,0
DA:3844,0
DA:3847,0
DA:3848,0
DA:3849,0
DA:3852,0
DA:3853,0
DA:3870,0
DA:3871,0
DA:3883,0
DA:3884,0
DA:3896,0
DA:3897,0
DA:3898,0
DA:3899,0
DA:3900,0
DA:3901,0
DA:3903,0
DA:3907,0
DA:3909,0
DA:3910,0
DA:3911,0
DA:3913,0
DA:3924,0
DA:3925,0
DA:3929,0
DA:3937,0
DA:3938,0
DA:3942,0
DA:3946,0
DA:3947,0
DA:3955,0
DA:3966,0
DA:3967,0
DA:3968,0
DA:3972,0
DA:3973,0
DA:3974,0
DA:3978,0
DA:3980,0
DA:3983,0
DA:3986,0
DA:3990,0
DA:3991,0
DA:3998,0
DA:4002,0
DA:4003,0
DA:4004,0
DA:4011,0
DA:4015,0
DA:4016,0
DA:4017,0
DA:4024,0
DA:4025,0
DA:4028,0
DA:4030,0
DA:4047,0
DA:4048,0
DA:4049,0
DA:4050,0
DA:4052,0
DA:4053,0
DA:4054,0
DA:4055,0
DA:4056,0
DA:4059,0
DA:4060,0
DA:4061,0
DA:4063,0
DA:4064,0
DA:4065,0
DA:4066,0
DA:4067,0
DA:4068,0
DA:4069,0
DA:4070,0
DA:4073,0
DA:4074,0
DA:4075,0
DA:4077,0
DA:4079,0
DA:4081,0
DA:4084,0
DA:4086,0
DA:4087,0
DA:4088,0
DA:4089,0
DA:4091,0
DA:4092,0
DA:4093,0
DA:4094,0
DA:4095,0
DA:4098,0
DA:4099,0
DA:4100,0
DA:4101,0
DA:4102,0
DA:4103,0
DA:4104,0
DA:4106,0
DA:4107,0
DA:4108,0
DA:4109,0
DA:4111,0
DA:4112,0
DA:4113,0
DA:4117,0
DA:4126,0
DA:4137,0
DA:4138,0
DA:4139,0
DA:4141,0
DA:4142,0
DA:4143,0
DA:4144,0
DA:4145,0
DA:4146,0
DA:4147,0
DA:4150,0
DA:4151,0
DA:4152,0
DA:4153,0
DA:4154,0
DA:4155,0
DA:4157,0
DA:4158,0
DA:4159,0
DA:4160,0
DA:4161,0
DA:4163,0
DA:4164,0
DA:4169,0
DA:4170,0
DA:4171,0
DA:4172,0
DA:4173,0
DA:4174,0
DA:4177,0
DA:4178,0
DA:4179,0
DA:4180,0
DA:4184,0
DA:4185,0
DA:4189,0
DA:4191,0
DA:4201,0
DA:4202,0
DA:4203,0
DA:4204,0
DA:4206,0
DA:4207,0
DA:4209,0
DA:4210,0
DA:4211,0
DA:4212,0
DA:4215,0
DA:4216,0
DA:4217,0
DA:4218,0
DA:4219,0
DA:4221,0
DA:4227,0
DA:4229,0
DA:4235,0
DA:4236,0
DA:4237,0
DA:4238,0
DA:4239,0
DA:4240,0
DA:4241,0
DA:4243,0
DA:4244,0
DA:4245,0
DA:4246,0
DA:4247,0
DA:4248,0
DA:4250,0
DA:4251,0
DA:4252,0
DA:4253,0
DA:4255,0
DA:4256,0
DA:4259,0
DA:4260,0
DA:4261,0
DA:4264,0
DA:4265,0
DA:4267,0
DA:4279,0
DA:4280,0
DA:4281,0
DA:4282,0
DA:4283,0
DA:4284,0
DA:4286,0
DA:4287,0
DA:4288,0
DA:4291,0
DA:4292,0
DA:4295,0
DA:4300,0
DA:4304,0
DA:4305,0
DA:4307,0
DA:4308,0
DA:4309,0
DA:4312,0
DA:4315,0
DA:4316,0
DA:4318,0
DA:4323,0
DA:4324,0
DA:4325,0
DA:4326,0
DA:4329,0
DA:4331,0
DA:4332,0
DA:4341,0
DA:4342,0
DA:4343,0
DA:4344,0
DA:4352,0
DA:4353,0
DA:4355,0
DA:4356,0
DA:4362,0
DA:4364,0
DA:4370,0
DA:4371,0
DA:4372,0
DA:4373,0
DA:4376,0
DA:4377,0
DA:4379,0
DA:4380,0
DA:4381,0
DA:4383,0
DA:4390,0
DA:4392,0
DA:4397,0
DA:4399,0
DA:4437,0
DA:4481,0
DA:4521,0
DA:4524,0
DA:4588,0
DA:4610,0
DA:4652,0
DA:4666,0
DA:4667,0
DA:4670,0
DA:4671,0
DA:4672,0
DA:4676,0
DA:4683,0
DA:4685,0
DA:4686,0
DA:4687,0
DA:4688,0
DA:4689,0
DA:4690,0
DA:4691,0
DA:4692,0
DA:4693,0
DA:4694,0
DA:4695,0
DA:4696,0
DA:4697,0
DA:4698,0
DA:4699,0
DA:4700,0
DA:4701,0
DA:4704,0
DA:4709,0
DA:4710,0
DA:4713,0
DA:4716,0
DA:4723,0
DA:4730,0
DA:4732,0
DA:4733,0
DA:4739,0
DA:4740,0
DA:4741,0
DA:4742,0
DA:4743,0
DA:4744,0
DA:4750,0
[...]
BRDA:139,3,0,0
BRDA:139,3,1,0
BRDA:158,4,0,0
BRDA:158,4,1,0
BRDA:158,5,0,0
BRDA:158,5,1,0
BRDA:174,6,0,0
BRDA:174,6,1,0
BRDA:174,7,0,0
BRDA:174,7,1,0
BRDA:179,8,0,0
BRDA:179,8,1,0
BRDA:183,9,0,0
BRDA:183,9,1,0
BRDA:189,10,0,0
BRDA:189,10,1,0
BRDA:194,11,0,0
BRDA:194,11,1,0
BRDA:194,12,0,0
BRDA:194,12,1,0
BRDA:199,13,0,0
BRDA:199,13,1,0
BRDA:224,14,0,0
BRDA:224,14,1,0
BRDA:224,15,0,0
BRDA:224,15,1,0
BRDA:228,16,0,0
BRDA:228,16,1,0
BRDA:234,17,0,0
BRDA:234,17,1,0
BRDA:239,18,0,0
BRDA:239,18,1,0
BRDA:239,19,0,0
BRDA:239,19,1,0
BRDA:240,20,0,0
BRDA:240,20,1,0
BRDA:246,21,0,0
BRDA:246,21,1,0
BRDA:263,22,0,0
BRDA:263,22,1,0
BRDA:263,23,0,0
BRDA:263,23,1,0
BRDA:267,24,0,0
BRDA:267,24,1,0
BRDA:272,25,0,0
BRDA:272,25,1,0
BRDA:291,26,0,0
BRDA:291,26,1,0
BRDA:292,27,0,0
BRDA:292,27,1,0
BRDA:292,28,0,0
BRDA:292,28,1,0
BRDA:309,29,0,0
BRDA:324,30,0,0
BRDA:324,30,1,0
BRDA:329,31,0,0
BRDA:329,31,1,0
BRDA:329,32,0,0
BRDA:329,32,1,0
BRDA:347,33,0,0
BRDA:347,33,1,0
BRDA:354,34,0,0
BRDA:358,35,0,0
BRDA:358,35,1,0
BRDA:366,36,0,0
BRDA:366,36,1,0
BRDA:378,37,0,0
BRDA:378,37,1,0
BRDA:378,38,0,0
BRDA:378,38,1,0
BRDA:391,39,0,0
BRDA:391,39,1,0
BRF:78
BRH:0
end_of_record
TN:
SF:src\reranker-service.ts
FN:21,(anonymous_9)
FN:27,(anonymous_10)
FN:45,(anonymous_11)
FN:66,(anonymous_12)
FN:76,(anonymous_13)
FN:98,(anonymous_14)
FN:103,(anonymous_15)
FNF:7
FNH:0
FNDA:0,(anonymous_9)
FNDA:0,(anonymous_10)
FNDA:0,(anonymous_11)
FNDA:0,(anonymous_12)
FNDA:0,(anonymous_13)
FNDA:0,(anonymous_14)
FNDA:0,(anonymous_15)
DA:1,0
DA:2,0
DA:3,0
DA:6,0
DA:7,0
DA:8,0
DA:9,0
DA:16,0
DA:17,0
DA:19,0
DA:23,0
DA:24,0
DA:28,0
DA:30,0
DA:32,0
DA:33,0
DA:34,0
DA:35,0
DA:37,0
DA:38,0
DA:42,0
DA:46,0
DA:47,0
DA:52,0
DA:53,0
DA:55,0
DA:56,0
DA:67,0
DA:69,0
DA:71,0
DA:72,0
DA:76,0
DA:79,0
DA:84,0
DA:86,0
DA:90,0
DA:91,0
DA:98,0
DA:101,0
DA:103,0
LF:40
LH:0
BRDA:23,0,0,0
BRDA:23,0,1,0
BRDA:28,1,0,0
BRDA:28,1,1,0
BRDA:37,2,0,0
BRDA:37,2,1,0
BRDA:46,3,0,0
BRDA:46,3,1,0
BRDA:67,4,0,0
BRDA:67,4,1,0
BRDA:84,5,0,0
BRDA:84,5,1,0
BRDA:93,6,0,0
BRDA:93,6,1,0
BRF:14
BRH:0
end_of_record
TN:
SF:src\spreading-activation.ts
FN:50,(anonymous_0)
FN:73,(anonymous_1)
FN:119,(anonymous_2)
FN:131,(anonymous_3)
FN:137,(anonymous_4)
FN:153,(anonymous_5)
FN:187,(anonymous_6)
FN:188,(anonymous_7)
FN:199,(anonymous_8)
FN:219,(anonymous_9)
FN:268,(anonymous_10)
FN:307,(anonymous_11)
FN:315,(anonymous_12)
FN:337,(anonymous_13)
FN:421,(anonymous_14)
FNF:15
FNH:0
FNDA:0,(anonymous_0)
FNDA:0,(anonymous_1)
FNDA:0,(anonymous_2)
FNDA:0,(anonymous_3)
FNDA:0,(anonymous_4)
FNDA:0,(anonymous_5)
FNDA:0,(anonymous_6)
FNDA:0,(anonymous_7)
FNDA:0,(anonymous_8)
FNDA:0,(anonymous_9)
FNDA:0,(anonymous_10)
FNDA:0,(anonymous_11)
FNDA:0,(anonymous_12)
FNDA:0,(anonymous_13)
FNDA:0,(anonymous_14)
DA:45,0
DA:55,0
DA:56,0
DA:57,0
DA:77,0
DA:79,0
DA:80,0
DA:82,0
DA:83,0
DA:84,0
DA:93,0
DA:94,0
DA:95,0
DA:99,0
DA:100,0
DA:102,0
DA:103,0
DA:106,0
DA:107,0
DA:108,0
DA:109,0
DA:112,0
DA:116,0
DA:117,0
DA:118,0
DA:119,0
DA:120,0
DA:131,0
DA:133,0
DA:137,0
DA:140,0
DA:141,0
DA:158,0
DA:160,0
DA:165,0
DA:168,0
DA:169,0
DA:170,0
DA:173,0
DA:174,0
DA:175,0
DA:178,0
DA:181,0
DA:182,0
DA:186,0
DA:187,0
DA:188,0
DA:191,0
DA:192,0
DA:200,0
DA:202,0
DA:203,0
DA:204,0
DA:206,0
DA:207,0
DA:208,0
DA:209,0
DA:212,0
DA:213,0
DA:222,0
DA:223,0
DA:224,0
DA:228,0
DA:229,0
DA:232,0
DA:239,0
DA:242,0
DA:243,0
DA:244,0
DA:247,0
DA:248,0
DA:249,0
DA:252,0
DA:255,0
DA:256,0
DA:260,0
DA:261,0
DA:262,0
DA:267,0
DA:268,0
DA:270,0
DA:271,0
DA:273,0
DA:274,0
DA:277,0
DA:278,0
DA:279,0
DA:284,0
DA:285,0
DA:289,0
DA:290,0
DA:291,0
DA:292,0
DA:293,0
DA:297,0
DA:299,0
DA:300,0
DA:308,0
DA:309,0
DA:319,0
DA:322,0
DA:324,0
DA:325,0
DA:326,0
DA:327,0
DA:328,0
DA:331,0
DA:347,0
DA:354,0
DA:357,0
DA:358,0
DA:363,0
DA:364,0
DA:365,0
DA:366,0
DA:367,0
DA:371,0
DA:372,0
DA:373,0
DA:374,0
DA:378,0
DA:383,0
DA:384,0
DA:385,0
DA:386,0
DA:390,0
DA:396,0
DA:398,0
DA:399,0
DA:400,0
DA:401,0
DA:404,0
DA:408,0
DA:421,0
DA:422,0
DA:424,0
DA:425,0
LF:137
LH:0
BRDA:53,0,0,0
BRDA:58,1,0,0
BRDA:58,1,1,0
BRDA:59,2,0,0
BRDA:59,2,1,0
BRDA:60,3,0,0
BRDA:60,3,1,0
BRDA:61,4,0,0
BRDA:61,4,1,0
BRDA:62,5,0,0
BRDA:62,5,1,0
BRDA:63,6,0,0
BRDA:63,6,1,0
BRDA:64,7,0,0
BRDA:64,7,1,0
BRDA:65,8,0,0
BRDA:65,8,1,0
BRDA:66,9,0,0
BRDA:66,9,1,0
BRDA:75,10,0,0
BRDA:82,11,0,0
BRDA:82,11,1,0
BRDA:107,12,0,0
BRDA:107,12,1,0
BRDA:118,13,0,0
BRDA:118,13,1,0
BRDA:124,14,0,0
BRDA:124,14,1,0
BRDA:125,15,0,0
BRDA:125,15,1,0
BRDA:175,16,0,0
BRDA:175,16,1,0
BRDA:175,17,0,0
BRDA:175,17,1,0
BRDA:200,18,0,0
BRDA:200,18,1,0
BRDA:212,19,0,0
BRDA:212,19,1,0
BRDA:212,20,0,0
BRDA:212,20,1,0
BRDA:229,21,0,0
BRDA:229,21,1,0
BRDA:255,22,0,0
BRDA:255,22,1,0
BRDA:261,23,0,0
BRDA:261,23,1,0
BRDA:278,24,0,0
BRDA:278,24,1,0
BRDA:278,25,0,0
BRDA:278,25,1,0
BRDA:292,26,0,0
BRDA:292,26,1,0
BRDA:325,27,0,0
BRDA:325,27,1,0
BRDA:326,28,0,0
BRDA:326,28,1,0
BRDA:339,29,0,0
BRDA:349,30,0,0
BRDA:350,31,0,0
BRDA:351,32,0,0
BRDA:352,33,0,0
BRDA:353,34,0,0
BRDA:399,35,0,0
BRDA:399,35,1,0
BRDA:400,36,0,0
BRDA:400,36,1,0
BRDA:401,37,0,0
BRDA:401,37,1,0
BRF:68
BRH:0
end_of_record
TN:
SF:src\temporal-conflict-resolution.ts
FN:24,(anonymous_9)
FN:33,(anonymous_10)
FN:107,(anonymous_11)
FN:126,(anonymous_12)
FN:152,(anonymous_13)
FN:208,(anonymous_14)
FN:284,(anonymous_15)
FN:292,(anonymous_16)
FN:293,(anonymous_17)
FN:294,(anonymous_18)
FN:295,(anonymous_19)
FN:315,(anonymous_20)
FN:323,(anonymous_21)
FN:331,(anonymous_22)
FN:383,(anonymous_23)
FN:411,(anonymous_24)
FN:412,(anonymous_25)
FN:460,(anonymous_26)
FN:469,(anonymous_27)
FN:491,(anonymous_28)
FN:498,(anonymous_29)
FNF:21
FNH:0
FNDA:0,(anonymous_9)
FNDA:0,(anonymous_10)
FNDA:0,(anonymous_11)
FNDA:0,(anonymous_12)
FNDA:0,(anonymous_13)
FNDA:0,(anonymous_14)
FNDA:0,(anonymous_15)
FNDA:0,(anonymous_16)
FNDA:0,(anonymous_17)
FNDA:0,(anonymous_18)
FNDA:0,(anonymous_19)
FNDA:0,(anonymous_20)
FNDA:0,(anonymous_21)
FNDA:0,(anonymous_22)
FNDA:0,(anonymous_23)
FNDA:0,(anonymous_24)
FNDA:0,(anonymous_25)
FNDA:0,(anonymous_26)
FNDA:0,(anonymous_27)
FNDA:0,(anonymous_28)
FNDA:0,(anonymous_29)
DA:24,0
DA:25,0
DA:26,0
DA:27,0
DA:33,0
DA:34,0
DA:35,0
DA:36,0
DA:81,0
DA:102,0
DA:112,0
DA:113,0
DA:114,0
DA:127,0
DA:130,0
DA:146,0
DA:148,0
DA:149,0
DA:152,0
DA:160,0
DA:164,0
DA:166,0
DA:169,0
DA:170,0
DA:171,0
DA:172,0
DA:175,0
DA:176,0
DA:177,0
DA:181,0
DA:184,0
DA:192,0
DA:193,0
DA:198,0
DA:200,0
DA:201,0
DA:217,0
DA:218,0
DA:236,0
DA:238,0
DA:239,0
DA:256,0
DA:258,0
DA:260,0
DA:261,0
DA:278,0
DA:285,0
DA:286,0
DA:288,0
DA:289,0
DA:291,0
DA:292,0
DA:293,0
DA:294,0
DA:295,0
DA:298,0
DA:299,0
DA:302,0
DA:303,0
DA:309,0
DA:316,0
DA:322,0
DA:323,0
DA:325,0
DA:335,0
DA:337,0
DA:338,0
DA:341,0
DA:342,0
DA:350,0
DA:351,0
DA:354,0
DA:356,0
DA:357,0
DA:360,0
DA:361,0
DA:362,0
DA:366,0
DA:368,0
DA:375,0
DA:376,0
DA:385,0
DA:405,0
DA:412,0
DA:413,0
DA:414,0
DA:416,0
DA:418,0
DA:420,0
DA:436,0
DA:454,0
DA:461,0
DA:462,0
DA:463,0
DA:470,0
DA:471,0
DA:474,0
DA:475,0
DA:476,0
DA:478,0
DA:479,0
DA:480,0
DA:481,0
DA:484,0
DA:485,0
DA:492,0
DA:499,0
LF:107
LH:0
BRDA:24,0,0,0
BRDA:24,0,1,0
BRDA:33,1,0,0
BRDA:33,1,1,0
BRDA:110,2,0,0
BRDA:115,3,0,0
BRDA:115,3,1,0
BRDA:116,4,0,0
BRDA:116,4,1,0
BRDA:117,5,0,0
BRDA:117,5,1,0
BRDA:118,6,0,0
BRDA:118,6,1,0
BRDA:119,7,0,0
BRDA:119,7,1,0
BRDA:148,8,0,0
BRDA:148,8,1,0
BRDA:164,9,0,0
BRDA:164,9,1,0
BRDA:176,10,0,0
BRDA:176,10,1,0
BRDA:192,11,0,0
BRDA:192,11,1,0
BRDA:217,12,0,0
BRDA:217,12,1,0
BRDA:238,13,0,0
BRDA:238,13,1,0
BRDA:256,14,0,0
BRDA:256,14,1,0
BRDA:256,15,0,0
BRDA:256,15,1,0
BRDA:260,16,0,0
BRDA:260,16,1,0
BRDA:298,17,0,0
BRDA:298,17,1,0
BRDA:298,18,0,0
BRDA:298,18,1,0
BRDA:298,18,2,0
BRDA:298,18,3,0
BRDA:302,19,0,0
BRDA:302,19,1,0
BRDA:302,20,0,0
BRDA:302,20,1,0
BRDA:302,20,2,0
BRDA:302,20,3,0
BRDA:309,21,0,0
BRDA:309,21,1,0
BRDA:337,22,0,0
BRDA:337,22,1,0
BRDA:341,23,0,0
BRDA:341,23,1,0
BRDA:360,24,0,0
BRDA:360,24,1,0
BRDA:461,25,0,0
BRDA:461,25,1,0
BRDA:462,26,0,0
BRDA:462,26,1,0
BRDA:470,27,0,0
BRDA:470,27,1,0
BRDA:485,28,0,0
BRDA:485,28,1,0
BRF:61
BRH:0
end_of_record
TN:
SF:src\temporal-embedding-service.ts
FN:24,(anonymous_0)
FN:38,(anonymous_1)
FN:104,(anonymous_2)
FN:148,(anonymous_3)
FN:178,(anonymous_4)
FN:213,(anonymous_5)
FN:214,(anonymous_6)
FN:239,(anonymous_7)
FN:281,(anonymous_8)
FN:282,(anonymous_9)
FN:307,(anonymous_10)
FN:344,(anonymous_11)
FN:358,(anonymous_12)
FN:384,(anonymous_13)
FN:391,(anonymous_14)
FN:398,(anonymous_15)
FNF:16
FNH:0
FNDA:0,(anonymous_0)
FNDA:0,(anonymous_1)
FNDA:0,(anonymous_2)
FNDA:0,(anonymous_3)
FNDA:0,(anonymous_4)
FNDA:0,(anonymous_5)
FNDA:0,(anonymous_6)
FNDA:0,(anonymous_7)
FNDA:0,(anonymous_8)
FNDA:0,(anonymous_9)
FNDA:0,(anonymous_10)
FNDA:0,(anonymous_11)
FNDA:0,(anonymous_12)
FNDA:0,(anonymous_13)
FNDA:0,(anonymous_14)
FNDA:0,(anonymous_15)
DA:17,0
DA:20,0
DA:21,0
DA:22,0
DA:25,0
DA:26,0
DA:42,0
DA:45,0
DA:46,0
DA:47,0
DA:51,0
DA:56,0
DA:62,0
DA:68,0
DA:74,0
DA:81,0
DA:108,0
DA:109,0
DA:122,0
DA:124,0
DA:125,0
DA:134,0
DA:135,0
DA:152,0
DA:153,0
DA:156,0
DA:157,0
DA:160,0
DA:162,0
DA:163,0
DA:166,0
DA:182,0
DA:183,0
DA:195,0
DA:196,0
DA:199,0
DA:200,0
DA:202,0
DA:203,0
DA:204,0
DA:206,0
DA:207,0
DA:209,0
DA:210,0
DA:213,0
DA:214,0
DA:216,0
DA:217,0
DA:218,0
DA:219,0
DA:223,0
DA:225,0
DA:226,0
DA:243,0
DA:244,0
DA:255,0
DA:256,0
DA:259,0
DA:260,0
DA:262,0
DA:263,0
DA:264,0
DA:266,0
DA:268,0
DA:269,0
DA:270,0
DA:271,0
DA:273,0
DA:274,0
DA:277,0
DA:278,0
DA:281,0
DA:282,0
DA:284,0
DA:285,0
DA:286,0
DA:287,0
DA:291,0
DA:293,0
DA:294,0
DA:314,0
DA:321,0
DA:324,0
DA:325,0
DA:329,0
DA:330,0
DA:334,0
DA:335,0
DA:339,0
DA:340,0
DA:344,0
DA:345,0
DA:346,0
DA:347,0
DA:351,0
DA:359,0
DA:362,0
DA:365,0
DA:366,0
DA:367,0
DA:370,0
DA:371,0
DA:374,0
DA:375,0
DA:377,0
DA:385,0
DA:392,0
DA:399,0
LF:108
LH:0
BRDA:42,0,0,0
BRDA:42,0,1,0
BRDA:46,1,0,0
BRDA:46,1,1,0
BRDA:52,2,0,0
BRDA:52,2,1,0
BRDA:94,3,0,0
BRDA:94,3,1,0
BRDA:95,4,0,0
BRDA:95,4,1,0
BRDA:122,5,0,0
BRDA:122,5,1,0
BRDA:122,6,0,0
BRDA:122,6,1,0
BRDA:128,7,0,0
BRDA:128,7,1,0
BRDA:195,8,0,0
BRDA:195,8,1,0
BRDA:195,9,0,0
BRDA:195,9,1,0
BRDA:255,10,0,0
BRDA:255,10,1,0
BRDA:255,11,0,0
BRDA:255,11,1,0
BRDA:264,12,0,0
BRDA:264,12,1,0
BRDA:271,13,0,0
BRDA:271,13,1,0
BRDA:277,14,0,0
BRDA:277,14,1,0
BRDA:345,15,0,0
BRDA:345,15,1,0
BRDA:365,16,0,0
BRDA:365,16,1,0
BRDA:366,17,0,0
BRDA:366,17,1,0
BRDA:367,18,0,0
BRDA:367,18,1,0
BRDA:370,19,0,0
BRDA:370,19,1,0
BRDA:370,20,0,0
BRDA:370,20,1,0
BRDA:371,21,0,0
BRDA:371,21,1,0
BRDA:371,22,0,0
BRDA:371,22,1,0
BRDA:374,23,0,0
BRDA:374,23,1,0
BRDA:374,24,0,0
BRDA:374,24,1,0
BRDA:375,25,0,0
BRDA:375,25,1,0
BRDA:375,26,0,0
BRDA:375,26,1,0
BRF:54
BRH:0
end_of_record
TN:
SF:src\temporal-pattern-detection-backup.ts
FN:24,(anonymous_9)
FN:82,(anonymous_10)
FN:109,(anonymous_11)
FN:173,(anonymous_12)
FN:217,(anonymous_13)
FN:239,(anonymous_14)
FN:255,(anonymous_15)
FN:256,(anonymous_16)
FN:336,(anonymous_17)
FN:349,(anonymous_18)
FN:355,(anonymous_19)
FN:360,(anonymous_20)
FN:362,(anonymous_21)
FN:392,(anonymous_22)
FN:409,(anonymous_23)
FN:451,(anonymous_24)
FN:458,(anonymous_25)
FNF:17
FNH:0
FNDA:0,(anonymous_9)
FNDA:0,(anonymous_10)
FNDA:0,(anonymous_11)
FNDA:0,(anonymous_12)
FNDA:0,(anonymous_13)
FNDA:0,(anonymous_14)
FNDA:0,(anonymous_15)
FNDA:0,(anonymous_16)
FNDA:0,(anonymous_17)
FNDA:0,(anonymous_18)
FNDA:0,(anonymous_19)
FNDA:0,(anonymous_20)
FNDA:0,(anonymous_21)
FNDA:0,(anonymous_22)
FNDA:0,(anonymous_23)
FNDA:0,(anonymous_24)
FNDA:0,(anonymous_25)
DA:19,0
DA:24,0
DA:25,0
DA:26,0
DA:27,0
DA:28,0
DA:77,0
DA:87,0
DA:88,0
DA:90,0
DA:110,0
DA:112,0
DA:118,0
DA:119,0
DA:122,0
DA:123,0
DA:126,0
DA:127,0
DA:128,0
DA:134,0
DA:135,0
DA:139,0
DA:143,0
DA:144,0
DA:145,0
DA:148,0
DA:149,0
DA:150,0
DA:154,0
DA:158,0
DA:165,0
DA:166,0
DA:179,0
DA:181,0
DA:182,0
DA:184,0
DA:185,0
DA:187,0
DA:188,0
DA:190,0
DA:191,0
DA:193,0
DA:196,0
DA:199,0
DA:216,0
DA:218,0
DA:219,0
DA:220,0
DA:222,0
DA:224,0
DA:233,0
DA:243,0
DA:244,0
DA:247,0
DA:249,0
DA:250,0
DA:251,0
DA:255,0
DA:256,0
DA:258,0
DA:261,0
DA:264,0
DA:265,0
DA:266,0
DA:268,0
DA:296,0
DA:297,0
DA:298,0
DA:308,0
DA:312,0
DA:313,0
DA:329,0
DA:331,0
DA:336,0
DA:341,0
DA:342,0
DA:353,0
DA:355,0
DA:356,0
DA:358,0
DA:359,0
DA:360,0
DA:362,0
DA:365,0
DA:372,0
DA:380,0
DA:381,0
DA:383,0
DA:385,0
DA:393,0
DA:396,0
DA:397,0
DA:398,0
DA:399,0
DA:403,0
DA:414,0
DA:416,0
DA:423,0
DA:424,0
DA:426,0
DA:427,0
DA:428,0
DA:429,0
DA:430,0
DA:433,0
DA:439,0
DA:440,0
DA:452,0
DA:459,0
LF:109
LH:0
BRDA:24,0,0,0
BRDA:24,0,1,0
BRDA:85,1,0,0
BRDA:91,2,0,0
BRDA:91,2,1,0
BRDA:92,3,0,0
BRDA:92,3,1,0
BRDA:93,4,0,0
BRDA:93,4,1,0
BRDA:94,5,0,0
BRDA:94,5,1,0
BRDA:96,6,0,0
BRDA:96,6,1,0
BRDA:97,7,0,0
BRDA:97,7,1,0
BRDA:98,8,0,0
BRDA:98,8,1,0
BRDA:100,9,0,0
BRDA:100,9,1,0
BRDA:101,10,0,0
BRDA:101,10,1,0
BRDA:102,11,0,0
BRDA:102,11,1,0
BRDA:118,12,0,0
BRDA:118,12,1,0
BRDA:123,13,0,0
BRDA:123,13,1,0
BRDA:134,14,0,0
BRDA:134,14,1,0
BRDA:148,15,0,0
BRDA:148,15,1,0
BRDA:179,16,0,0
BRDA:179,16,1,0
BRDA:179,16,2,0
BRDA:179,16,3,0
BRDA:179,16,4,0
BRDA:220,17,0,0
BRDA:220,17,1,0
BRDA:249,18,0,0
BRDA:249,18,1,0
BRDA:356,19,0,0
BRDA:356,19,1,0
BRDA:380,20,0,0
BRDA:380,20,1,0
BRDA:398,21,0,0
BRDA:398,21,1,0
BRF:46
BRH:0
end_of_record
TN:
SF:src\temporal-pattern-detection.ts
FN:5,(anonymous_0)
FN:41,(anonymous_1)
FN:53,(anonymous_2)
FN:90,(anonymous_3)
FN:109,(anonymous_4)
FN:128,(anonymous_5)
FN:139,(anonymous_6)
FN:140,(anonymous_7)
FN:160,(anonymous_8)
FN:178,(anonymous_9)
FN:260,(anonymous_10)
FN:278,(anonymous_11)
FN:332,(anonymous_12)
FN:333,(anonymous_13)
FN:334,(anonymous_14)
FN:350,(anonymous_15)
FN:411,(anonymous_16)
FN:412,(anonymous_17)
FN:413,(anonymous_18)
FN:432,(anonymous_19)
FN:459,(anonymous_20)
FN:476,(anonymous_21)
FN:533,(anonymous_22)
FN:553,(anonymous_23)
FN:569,(anonymous_24)
FN:573,(anonymous_25)
FNF:26
FNH:0
FNDA:0,(anonymous_0)
FNDA:0,(anonymous_1)
FNDA:0,(anonymous_2)
FNDA:0,(anonymous_3)
FNDA:0,(anonymous_4)
FNDA:0,(anonymous_5)
FNDA:0,(anonymous_6)
FNDA:0,(anonymous_7)
FNDA:0,(anonymous_8)
FNDA:0,(anonymous_9)
FNDA:0,(anonymous_10)
FNDA:0,(anonymous_11)
FNDA:0,(anonymous_12)
FNDA:0,(anonymous_13)
FNDA:0,(anonymous_14)
FNDA:0,(anonymous_15)
FNDA:0,(anonymous_16)
FNDA:0,(anonymous_17)
FNDA:0,(anonymous_18)
FNDA:0,(anonymous_19)
FNDA:0,(anonymous_20)
FNDA:0,(anonymous_21)
FNDA:0,(anonymous_22)
FNDA:0,(anonymous_23)
FNDA:0,(anonymous_24)
FNDA:0,(anonymous_25)
DA:3,0
DA:5,0
DA:6,0
DA:7,0
DA:8,0
DA:9,0
DA:10,0
DA:36,0
DA:42,0
DA:43,0
DA:44,0
DA:54,0
DA:57,0
DA:58,0
DA:59,0
DA:62,0
DA:65,0
DA:68,0
DA:72,0
DA:73,0
DA:76,0
DA:77,0
DA:80,0
DA:81,0
DA:84,0
DA:85,0
DA:87,0
DA:91,0
DA:92,0
DA:93,0
DA:94,0
DA:97,0
DA:104,0
DA:105,0
DA:109,0
DA:110,0
DA:111,0
DA:112,0
DA:121,0
DA:124,0
DA:125,0
DA:128,0
DA:131,0
DA:132,0
DA:133,0
DA:134,0
DA:135,0
DA:139,0
DA:140,0
DA:141,0
DA:142,0
DA:145,0
DA:146,0
DA:148,0
DA:149,0
DA:160,0
DA:175,0
DA:179,0
DA:183,0
DA:203,0
DA:204,0
DA:205,0
DA:208,0
DA:209,0
DA:210,0
DA:217,0
DA:218,0
DA:223,0
DA:230,0
DA:231,0
DA:234,0
DA:236,0
DA:237,0
DA:257,0
DA:261,0
DA:262,0
DA:263,0
DA:264,0
DA:267,0
DA:274,0
DA:275,0
DA:278,0
DA:279,0
DA:280,0
DA:281,0
DA:290,0
DA:291,0
DA:293,0
DA:294,0
DA:295,0
DA:297,0
DA:298,0
DA:301,0
DA:302,0
DA:304,0
DA:305,0
DA:308,0
DA:318,0
DA:319,0
DA:320,0
DA:321,0
DA:323,0
DA:324,0
DA:332,0
DA:333,0
DA:334,0
DA:347,0
DA:351,0
DA:352,0
DA:353,0
DA:354,0
DA:357,0
DA:364,0
DA:365,0
DA:369,0
DA:371,0
DA:372,0
DA:374,0
DA:375,0
DA:376,0
DA:378,0
DA:379,0
DA:382,0
DA:390,0
DA:393,0
DA:394,0
DA:397,0
DA:398,0
DA:400,0
DA:401,0
DA:403,0
DA:411,0
DA:412,0
DA:413,0
DA:429,0
DA:433,0
DA:434,0
DA:436,0
DA:437,0
DA:439,0
DA:440,0
DA:442,0
DA:443,0
DA:445,0
DA:447,0
DA:448,0
DA:449,0
DA:453,0
DA:456,0
DA:460,0
DA:462,0
DA:463,0
DA:464,0
DA:466,0
DA:467,0
DA:468,0
DA:469,0
DA:472,0
DA:473,0
DA:478,0
DA:479,0
DA:496,0
DA:497,0
DA:501,0
DA:534,0
DA:539,0
DA:541,0
DA:542,0
DA:543,0
DA:546,0
DA:547,0
DA:548,0
DA:551,0
DA:553,0
DA:570,0
DA:574,0
LF:176
LH:0
BRDA:5,0,0,0
BRDA:5,0,1,0
BRDA:41,1,0,0
BRDA:45,2,0,0
BRDA:45,2,1,0
BRDA:46,3,0,0
BRDA:46,3,1,0
BRDA:47,4,0,0
BRDA:47,4,1,0
BRDA:48,5,0,0
BRDA:48,5,1,0
BRDA:49,6,0,0
BRDA:49,6,1,0
BRDA:62,7,0,0
BRDA:62,7,1,0
BRDA:68,8,0,0
BRDA:68,8,1,0
BRDA:104,9,0,0
BRDA:104,9,1,0
BRDA:111,10,0,0
BRDA:111,10,1,0
BRDA:125,11,0,0
BRDA:125,11,1,0
BRDA:145,12,0,0
BRDA:145,12,1,0
BRDA:148,13,0,0
BRDA:148,13,1,0
BRDA:217,14,0,0
BRDA:217,14,1,0
BRDA:230,15,0,0
BRDA:230,15,1,0
BRDA:236,16,0,0
BRDA:236,16,1,0
BRDA:274,17,0,0
BRDA:274,17,1,0
BRDA:280,18,0,0
BRDA:280,18,1,0
BRDA:297,19,0,0
BRDA:297,19,1,0
BRDA:301,20,0,0
BRDA:301,20,1,0
BRDA:304,21,0,0
BRDA:304,21,1,0
BRDA:319,22,0,0
BRDA:319,22,1,0
BRDA:323,23,0,0
BRDA:323,23,1,0
BRDA:364,24,0,0
BRDA:364,24,1,0
BRDA:374,25,0,0
BRDA:374,25,1,0
BRDA:378,26,0,0
BRDA:378,26,1,0
BRDA:397,27,0,0
BRDA:397,27,1,0
BRDA:397,28,0,0
BRDA:397,28,1,0
BRDA:400,29,0,0
BRDA:400,29,1,0
BRDA:437,30,0,0
BRDA:437,30,1,0
BRDA:443,31,0,0
BRDA:443,31,1,0
BRDA:447,32,0,0
BRDA:447,32,1,0
BRDA:460,33,0,0
BRDA:460,33,1,0
BRDA:473,34,0,0
BRDA:473,34,1,0
BRDA:496,35,0,0
BRDA:496,35,1,0
BRDA:496,36,0,0
BRDA:496,36,1,0
BRDA:528,37,0,0
BRDA:528,37,1,0
BRDA:529,38,0,0
BRDA:529,38,1,0
BRDA:541,39,0,0
BRDA:541,39,1,0
BRDA:546,40,0,0
BRDA:546,40,1,0
BRF:81
BRH:0
end_of_record
TN:
SF:src\timestamp-utils.ts
FN:14,toDualTimestamp
FN:27,nowDual
FN:38,parseToDual
FNF:3
FNH:0
FNDA:0,toDualTimestamp
FNDA:0,nowDual
FNDA:0,parseToDual
DA:14,0
DA:15,0
DA:16,0
DA:18,0
DA:27,0
DA:28,0
DA:29,0
DA:38,0
DA:39,0
DA:40,0
DA:43,0
DA:44,0
DA:46,0
LF:13
LH:0
BRDA:39,0,0,0
BRDA:39,0,1,0
BRF:2
BRH:0
end_of_record
TN:
SF:src\verify-gpu.ts
FN:4,verifyGpu
FN:25,(anonymous_1)
FNF:2
FNH:0
FNDA:0,verifyGpu
FNDA:0,(anonymous_1)
DA:2,0
DA:5,0
DA:7,0
DA:8,0
DA:9,0
DA:11,0
DA:12,0
DA:13,0
DA:15,0
DA:17,0
DA:18,0
DA:19,0
DA:20,0
DA:21,0
DA:23,0
DA:25,0
DA:26,0
DA:28,0
DA:32,0
DA:36,0
LF:20
LH:0
BRDA:25,0,0,0
BRDA:25,0,1,0
BRDA:25,1,0,0
BRDA:25,1,1,0
BRF:4
BRH:0
end_of_record
TN:
SF:src\zettelkasten-evolution.ts
FN:62,(anonymous_0)
FN:81,(anonymous_1)
FN:94,(anonymous_2)
FN:106,(anonymous_3)
FN:107,(anonymous_4)
FN:108,(anonymous_5)
FN:112,(anonymous_6)
FN:117,(anonymous_7)
FN:122,(anonymous_8)
FN:131,(anonymous_9)
FN:165,(anonymous_10)
FN:197,(anonymous_11)
FN:335,(anonymous_12)
FN:350,(anonymous_13)
FN:393,(anonymous_14)
FNF:15
FNH:0
FNDA:0,(anonymous_0)
FNDA:0,(anonymous_1)
FNDA:0,(anonymous_2)
FNDA:0,(anonymous_3)
FNDA:0,(anonymous_4)
FNDA:0,(anonymous_5)
FNDA:0,(anonymous_6)
FNDA:0,(anonymous_7)
FNDA:0,(anonymous_8)
FNDA:0,(anonymous_9)
FNDA:0,(anonymous_10)
FNDA:0,(anonymous_11)
FNDA:0,(anonymous_12)
FNDA:0,(anonymous_13)
FNDA:0,(anonymous_14)
DA:57,0
DA:67,0
DA:68,0
DA:69,0
DA:82,0
DA:90,0
DA:95,0
DA:100,0
DA:101,0
DA:102,0
DA:105,0
DA:106,0
DA:107,0
DA:108,0
DA:113,0
DA:115,0
DA:116,0
DA:117,0
DA:120,0
DA:121,0
DA:122,0
DA:123,0
DA:124,0
DA:128,0
DA:136,0
DA:137,0
DA:154,0
DA:155,0
DA:157,0
DA:158,0
DA:160,0
DA:161,0
DA:164,0
DA:165,0
DA:167,0
DA:168,0
DA:170,0
DA:171,0
DA:172,0
DA:175,0
DA:185,0
DA:186,0
DA:190,0
DA:192,0
DA:193,0
DA:203,0
DA:204,0
DA:215,0
DA:216,0
DA:219,0
DA:221,0
DA:227,0
DA:228,0
DA:229,0
DA:230,0
DA:231,0
DA:232,0
DA:256,0
DA:281,0
DA:283,0
DA:289,0
DA:290,0
DA:291,0
DA:295,0
DA:296,0
DA:298,0
DA:299,0
DA:301,0
DA:302,0
DA:304,0
DA:305,0
DA:307,0
DA:315,0
DA:328,0
DA:332,0
DA:335,0
DA:341,0
DA:345,0
DA:346,0
DA:350,0
DA:355,0
DA:367,0
DA:370,0
DA:380,0
DA:381,0
DA:394,0
DA:395,0
DA:398,0
DA:400,0
DA:406,0
DA:408,0
DA:413,0
DA:415,0
DA:419,0
DA:434,0
DA:435,0
LF:96
LH:0
BRDA:65,0,0,0
BRDA:81,1,0,0
BRDA:95,2,0,0
BRDA:95,2,1,0
BRDA:95,2,2,0
BRDA:102,3,0,0
BRDA:102,3,1,0
BRDA:116,4,0,0
BRDA:116,4,1,0
BRDA:121,5,0,0
BRDA:121,5,1,0
BRDA:160,6,0,0
BRDA:160,6,1,0
BRDA:170,7,0,0
BRDA:170,7,1,0
BRDA:185,8,0,0
BRDA:185,8,1,0
BRDA:203,9,0,0
BRDA:203,9,1,0
BRDA:216,10,0,0
BRDA:216,10,1,0
BRDA:228,11,0,0
BRDA:228,11,1,0
BRDA:295,12,0,0
BRDA:295,12,1,0
BRDA:296,13,0,0
BRDA:296,13,1,0
BRDA:298,14,0,0
BRDA:298,14,1,0
BRDA:301,15,0,0
BRDA:301,15,1,0
BRDA:304,16,0,0
BRDA:304,16,1,0
BRDA:345,17,0,0
BRDA:345,17,1,0
BRDA:398,18,0,0
BRDA:398,18,1,0
BRDA:406,19,0,0
BRDA:406,19,1,0
BRDA:413,20,0,0
BRDA:413,20,1,0
BRDA:415,21,0,0
BRDA:415,21,1,0
BRF:43
BRH:0
end_of_record
